##############################################################################
# LASTZ Human Hs1 vs. pygmy chimpanzee GCF_029289425.1
#    (DONE - 2023-09-11 - hiram)

    mkdir /hive/data/genomes/hs1/bed/lastzGCF_029289425.1.2023-09-11
    cd /hive/data/genomes/hs1/bed/lastzGCF_029289425.1.2023-09-11

    printf '# pygmy chimpanzee GCF_029289425.1 vs. Human Hs1
BLASTZ=/cluster/bin/penn/lastz-distrib-1.04.03/bin/lastz
BLASTZ_T=2
BLASTZ_O=600
BLASTZ_E=150
BLASTZ_M=254
BLASTZ_K=4500
BLASTZ_Y=15000
BLASTZ_Q=/hive/data/staging/data/blastz/human_chimp.v2.q
#       A     C     G     T
# A    90  -330  -236  -356
# C  -330   100  -318  -236
# G  -236  -318   100  -330
# T  -356  -236  -330    90

# TARGET: Human  hs1
SEQ1_DIR=/hive/data/genomes/hs1/hs1.2bit
SEQ1_LEN=/hive/data/genomes/hs1/chrom.sizes
SEQ1_CHUNK=20000000
SEQ1_LAP=10000
SEQ1_LIMIT=40

# QUERY: pygmy chimpanzee 2023-03-20 GCF_029289425.1_NHGRI_mPanPan1-v1.1-0.1.freeze_pri
SEQ2_DIR=/hive/data/genomes/asmHubs/GCF/029/289/425/GCF_029289425.1/GCF_029289425.1.2bit
SEQ2_LEN=/hive/data/genomes/asmHubs/GCF/029/289/425/GCF_029289425.1/GCF_029289425.1.chrom.sizes.txt
SEQ2_CHUNK=20000000
SEQ2_LAP=0
SEQ2_LIMIT=100

BASE=/hive/data/genomes/hs1/bed/lastzGCF_029289425.1.2023-09-11
TMPDIR=/dev/shm

' > DEF

    time (~/kent/src/hg/utils/automation/doBlastzChainNet.pl -trackHub -noDbNameCheck -verbose=2 `pwd`/DEF -syntenicNet \
       -qAsmId GCF_029289425.1_NHGRI_mPanPan1-v1.1-0.1.freeze_pri -workhorse=hgwdev -smallClusterHub=hgwdev -bigClusterHub=ku \
        -chainMinScore=5000 -chainLinearGap=medium) > do.log 2>&1
    grep -w real do.log | sed -e 's/^/    # /;'
    # real	199m41.075s

    sed -e 's/^/    # /;' fb.hs1.chainGCF_029289425.1Link.txt
    # 2839964941 bases of 3117292070 (91.104%) in intersection
    sed -e 's/^/    # /;' fb.hs1.chainSynGCF_029289425.1Link.txt
    # 2819845152 bases of 3117292070 (90.458%) in intersection

    time (~/kent/src/hg/utils/automation/doRecipBest.pl -trackHub -load -workhorse=hgwdev -buildDir=`pwd` \
       \
      -query2Bit="/hive/data/genomes/asmHubs/GCF/029/289/425/GCF_029289425.1/GCF_029289425.1.2bit" \
-querySizes="/hive/data/genomes/asmHubs/GCF/029/289/425/GCF_029289425.1/GCF_029289425.1.chrom.sizes.txt" \
        hs1 GCF_029289425.1) > rbest.log 2>&1

    grep -w real rbest.log | sed -e 's/^/    # /;'
    # real	97m4.177s

    sed -e 's/^/    # /;' fb.hs1.chainRBest.GCF_029289425.1.txt
    # 2770756890 bases of 3117292070 (88.883%) in intersection

    ### and for the swap

    cd /hive/data/genomes/asmHubs/allBuild/GCF/029/289/425/GCF_029289425.1_NHGRI_mPanPan1-v1.1-0.1.freeze_pri/trackData/blastz.hs1.swap

   time (~/kent/src/hg/utils/automation/doBlastzChainNet.pl -trackHub -noDbNameCheck -swap -verbose=2 \
   -qAsmId GCF_029289425.1_NHGRI_mPanPan1-v1.1-0.1.freeze_pri /hive/data/genomes/hs1/bed/lastzGCF_029289425.1.2023-09-11/DEF -swapDir=`pwd` \
  -syntenicNet -workhorse=hgwdev -smallClusterHub=hgwdev -bigClusterHub=ku \
    -chainMinScore=5000 -chainLinearGap=medium) > swap.log 2>&1

    grep -w real swap.log | sed -e 's/^/    # /;'
    # real	102m59.076s

    sed -e 's/^/    # /;' fb.GCF_029289425.1.chainHs1Link.txt
    # 2844496290 bases of 3271621005 (86.945%) in intersection
    sed -e 's/^/    # /;' fb.GCF_029289425.1.chainSynHs1Link.txt
    # 2828544387 bases of 3271621005 (86.457%) in intersection
\    time (~/kent/src/hg/utils/automation/doRecipBest.pl -trackHub -load -workhorse=hgwdev -buildDir=`pwd` \
    \
   -target2bit="/hive/data/genomes/asmHubs/GCF/029/289/425/GCF_029289425.1/GCF_029289425.1.2bit" \
-targetSizes="/hive/data/genomes/asmHubs/GCF/029/289/425/GCF_029289425.1/GCF_029289425.1.chrom.sizes.txt" \
   GCF_029289425.1 hs1) > rbest.log 2>&1

    grep -w real rbest.log | sed -e 's/^/    # /;'
    # real	76m5.944s

    sed -e 's/^/    # /;' fb.GCF_029289425.1.chainRBest.Hs1.txt
    # 2771157821 bases of 3271621005 (84.703%) in intersection

##############################################################################

real	475m57.698s
user	0m4.472s
sys	0m2.891s
