##############################################################################
# LASTZ Human Hs1 vs. Bornean orangutan GCF_028885625.1
#    (DONE - 2023-09-11 - hiram)

    mkdir /hive/data/genomes/hs1/bed/lastzGCF_028885625.1.2023-09-11
    cd /hive/data/genomes/hs1/bed/lastzGCF_028885625.1.2023-09-11

    printf '# Bornean orangutan GCF_028885625.1 vs. Human Hs1
BLASTZ=/cluster/bin/penn/lastz-distrib-1.04.03/bin/lastz
BLASTZ_T=2
BLASTZ_O=600
BLASTZ_E=150
BLASTZ_M=254
BLASTZ_K=4500
BLASTZ_Y=15000
BLASTZ_Q=/hive/data/staging/data/blastz/human_chimp.v2.q
#       A     C     G     T
# A    90  -330  -236  -356
# C  -330   100  -318  -236
# G  -236  -318   100  -330
# T  -356  -236  -330    90

# TARGET: Human  hs1
SEQ1_DIR=/hive/data/genomes/hs1/hs1.2bit
SEQ1_LEN=/hive/data/genomes/hs1/chrom.sizes
SEQ1_CHUNK=20000000
SEQ1_LAP=10000
SEQ1_LIMIT=40

# QUERY: Bornean orangutan 2023-02-28 GCF_028885625.1_NHGRI_mPonPyg2-v1.1-hic.freeze_pri
SEQ2_DIR=/hive/data/genomes/asmHubs/GCF/028/885/625/GCF_028885625.1/GCF_028885625.1.2bit
SEQ2_LEN=/hive/data/genomes/asmHubs/GCF/028/885/625/GCF_028885625.1/GCF_028885625.1.chrom.sizes.txt
SEQ2_CHUNK=20000000
SEQ2_LAP=0
SEQ2_LIMIT=100

BASE=/hive/data/genomes/hs1/bed/lastzGCF_028885625.1.2023-09-11
TMPDIR=/dev/shm

' > DEF

    time (~/kent/src/hg/utils/automation/doBlastzChainNet.pl -trackHub -noDbNameCheck -verbose=2 `pwd`/DEF -syntenicNet \
       -qAsmId GCF_028885625.1_NHGRI_mPonPyg2-v1.1-hic.freeze_pri -workhorse=hgwdev -smallClusterHub=hgwdev -bigClusterHub=ku \
        -chainMinScore=5000 -chainLinearGap=medium) > do.log 2>&1
    grep -w real do.log | sed -e 's/^/    # /;'
    # real	278m19.449s

    sed -e 's/^/    # /;' fb.hs1.chainGCF_028885625.1Link.txt
    # 2761141922 bases of 3117292070 (88.575%) in intersection
    sed -e 's/^/    # /;' fb.hs1.chainSynGCF_028885625.1Link.txt
    # 2735806904 bases of 3117292070 (87.762%) in intersection

    time (~/kent/src/hg/utils/automation/doRecipBest.pl -trackHub -load -workhorse=hgwdev -buildDir=`pwd` \
       \
      -query2Bit="/hive/data/genomes/asmHubs/GCF/028/885/625/GCF_028885625.1/GCF_028885625.1.2bit" \
-querySizes="/hive/data/genomes/asmHubs/GCF/028/885/625/GCF_028885625.1/GCF_028885625.1.chrom.sizes.txt" \
        hs1 GCF_028885625.1) > rbest.log 2>&1

    grep -w real rbest.log | sed -e 's/^/    # /;'
    # real	101m51.612s

    sed -e 's/^/    # /;' fb.hs1.chainRBest.GCF_028885625.1.txt
    # 2667431825 bases of 3117292070 (85.569%) in intersection

    ### and for the swap

    cd /hive/data/genomes/asmHubs/allBuild/GCF/028/885/625/GCF_028885625.1_NHGRI_mPonPyg2-v1.1-hic.freeze_pri/trackData/blastz.hs1.swap

   time (~/kent/src/hg/utils/automation/doBlastzChainNet.pl -trackHub -noDbNameCheck -swap -verbose=2 \
   -qAsmId GCF_028885625.1_NHGRI_mPonPyg2-v1.1-hic.freeze_pri /hive/data/genomes/hs1/bed/lastzGCF_028885625.1.2023-09-11/DEF -swapDir=`pwd` \
  -syntenicNet -workhorse=hgwdev -smallClusterHub=hgwdev -bigClusterHub=ku \
    -chainMinScore=5000 -chainLinearGap=medium) > swap.log 2>&1

    grep -w real swap.log | sed -e 's/^/    # /;'
    # real	112m49.223s

    sed -e 's/^/    # /;' fb.GCF_028885625.1.chainHs1Link.txt
    # 2826108998 bases of 3249335160 (86.975%) in intersection
    sed -e 's/^/    # /;' fb.GCF_028885625.1.chainSynHs1Link.txt
    # 2791495722 bases of 3249335160 (85.910%) in intersection
\    time (~/kent/src/hg/utils/automation/doRecipBest.pl -trackHub -load -workhorse=hgwdev -buildDir=`pwd` \
    \
   -target2bit="/hive/data/genomes/asmHubs/GCF/028/885/625/GCF_028885625.1/GCF_028885625.1.2bit" \
-targetSizes="/hive/data/genomes/asmHubs/GCF/028/885/625/GCF_028885625.1/GCF_028885625.1.chrom.sizes.txt" \
   GCF_028885625.1 hs1) > rbest.log 2>&1

    grep -w real rbest.log | sed -e 's/^/    # /;'
    # real	87m27.795s

    sed -e 's/^/    # /;' fb.GCF_028885625.1.chainRBest.Hs1.txt
    # 2668294514 bases of 3249335160 (82.118%) in intersection

##############################################################################

real	580m34.806s
user	0m3.862s
sys	0m3.110s
