##############################################################################
# LASTZ Human Hs1 vs. siamang GCF_028878055.1
#    (DONE - 2023-09-11 - hiram)

    mkdir /hive/data/genomes/hs1/bed/lastzGCF_028878055.1.2023-09-11
    cd /hive/data/genomes/hs1/bed/lastzGCF_028878055.1.2023-09-11

    printf '# siamang GCF_028878055.1 vs. Human Hs1
BLASTZ=/cluster/bin/penn/lastz-distrib-1.04.03/bin/lastz
BLASTZ_T=2
BLASTZ_O=600
BLASTZ_E=150
BLASTZ_M=254
BLASTZ_K=4500
BLASTZ_Y=15000
BLASTZ_Q=/hive/data/staging/data/blastz/human_chimp.v2.q
#       A     C     G     T
# A    90  -330  -236  -356
# C  -330   100  -318  -236
# G  -236  -318   100  -330
# T  -356  -236  -330    90

# TARGET: Human  hs1
SEQ1_DIR=/hive/data/genomes/hs1/hs1.2bit
SEQ1_LEN=/hive/data/genomes/hs1/chrom.sizes
SEQ1_CHUNK=20000000
SEQ1_LAP=10000
SEQ1_LIMIT=40

# QUERY: siamang 2023-02-28 GCF_028878055.1_NHGRI_mSymSyn1-v1.1-hic.freeze_pri
SEQ2_DIR=/hive/data/genomes/asmHubs/GCF/028/878/055/GCF_028878055.1/GCF_028878055.1.2bit
SEQ2_LEN=/hive/data/genomes/asmHubs/GCF/028/878/055/GCF_028878055.1/GCF_028878055.1.chrom.sizes.txt
SEQ2_CHUNK=20000000
SEQ2_LAP=0
SEQ2_LIMIT=100

BASE=/hive/data/genomes/hs1/bed/lastzGCF_028878055.1.2023-09-11
TMPDIR=/dev/shm

' > DEF

    time (~/kent/src/hg/utils/automation/doBlastzChainNet.pl -trackHub -noDbNameCheck -verbose=2 `pwd`/DEF -syntenicNet \
       -qAsmId GCF_028878055.1_NHGRI_mSymSyn1-v1.1-hic.freeze_pri -workhorse=hgwdev -smallClusterHub=hgwdev -bigClusterHub=ku \
        -chainMinScore=5000 -chainLinearGap=medium) > do.log 2>&1
    grep -w real do.log | sed -e 's/^/    # /;'
    # real	132m57.001s

    sed -e 's/^/    # /;' fb.hs1.chainGCF_028878055.1Link.txt
    # 2515247993 bases of 3117292070 (80.687%) in intersection
    sed -e 's/^/    # /;' fb.hs1.chainSynGCF_028878055.1Link.txt
    # 2479964870 bases of 3117292070 (79.555%) in intersection

    time (~/kent/src/hg/utils/automation/doRecipBest.pl -trackHub -load -workhorse=hgwdev -buildDir=`pwd` \
       \
      -query2Bit="/hive/data/genomes/asmHubs/GCF/028/878/055/GCF_028878055.1/GCF_028878055.1.2bit" \
-querySizes="/hive/data/genomes/asmHubs/GCF/028/878/055/GCF_028878055.1/GCF_028878055.1.chrom.sizes.txt" \
        hs1 GCF_028878055.1) > rbest.log 2>&1

    grep -w real rbest.log | sed -e 's/^/    # /;'
    # real	112m3.638s

    sed -e 's/^/    # /;' fb.hs1.chainRBest.GCF_028878055.1.txt
    # 2410923010 bases of 3117292070 (77.340%) in intersection

    ### and for the swap

    cd /hive/data/genomes/asmHubs/allBuild/GCF/028/878/055/GCF_028878055.1_NHGRI_mSymSyn1-v1.1-hic.freeze_pri/trackData/blastz.hs1.swap

   time (~/kent/src/hg/utils/automation/doBlastzChainNet.pl -trackHub -noDbNameCheck -swap -verbose=2 \
   -qAsmId GCF_028878055.1_NHGRI_mSymSyn1-v1.1-hic.freeze_pri /hive/data/genomes/hs1/bed/lastzGCF_028878055.1.2023-09-11/DEF -swapDir=`pwd` \
  -syntenicNet -workhorse=hgwdev -smallClusterHub=hgwdev -bigClusterHub=ku \
    -chainMinScore=5000 -chainLinearGap=medium) > swap.log 2>&1

    grep -w real swap.log | sed -e 's/^/    # /;'
    # real	89m29.799s

    sed -e 's/^/    # /;' fb.GCF_028878055.1.chainHs1Link.txt
    # 2587741270 bases of 3182923232 (81.301%) in intersection
    sed -e 's/^/    # /;' fb.GCF_028878055.1.chainSynHs1Link.txt
    # 2560160465 bases of 3182923232 (80.434%) in intersection
\    time (~/kent/src/hg/utils/automation/doRecipBest.pl -trackHub -load -workhorse=hgwdev -buildDir=`pwd` \
    \
   -target2bit="/hive/data/genomes/asmHubs/GCF/028/878/055/GCF_028878055.1/GCF_028878055.1.2bit" \
-targetSizes="/hive/data/genomes/asmHubs/GCF/028/878/055/GCF_028878055.1/GCF_028878055.1.chrom.sizes.txt" \
   GCF_028878055.1 hs1) > rbest.log 2>&1

    grep -w real rbest.log | sed -e 's/^/    # /;'
    # real	86m52.772s

    sed -e 's/^/    # /;' fb.GCF_028878055.1.chainRBest.Hs1.txt
    # 2411188155 bases of 3182923232 (75.754%) in intersection

##############################################################################

real	421m28.885s
user	0m3.168s
sys	0m2.645s
