AL360078
AL034548
AL121747
AL049761
AL133231
AL121758
AL118502
AL161939
AL050325
AL110114
AL031665
AL136531
AL109658
AL049634
AL138804
AL109809
AL121760
AL117335
AL034562
AL359916
AL121899
AL031678
AL049650
AL133339
AL049712
AL133345
AL035460
AL161656
AL121905
AL160414
AL121891
AL109976
AL117334
AL353193
AL109805
AL132773
AL356755
AL109804
AL353194
AL031670
AL356414
AL121675
AL357040
AL139350
AL121781
AL121916
AL133396
AL133354
AL445075
AL389886
AL109841
AL121890
AL121924
AL121755
AL121757
AL109935
AL117377
AL035249
AL390028
AL035461
AL118505
AL359954
AL109618
AL158093
AL162504
AL121911
AL035668
AL109856
AL034554
AL161655
AL096799
AL080248
AL078643
AL096792
AL096769
AL031653
AL031679
AL021879
AL035664
AL021396
AL050323
AL021406
AL121589
AL034551
AL365212
AL050319
AL031655
AL049632
AL050315
AL031683
AL049593
AL445567
AL121898
AL121909
AL023805
AL031652
AL353612
AL135935
AL031682
AL034427
AL353739
AL109754
AL354824
AL023913
AL034430
AL353599
AL133340
AL035456
AL135937
AL050403
AL158042
AL050322
AL078588
AL049649
AL049690
AL079337
AL109837
AL161938
AL445667
AL080274
AL035448
AL034547
AL109838
AL136460
AL096862
AL034561
AL138850
AL354804
AL078623
AL133331
AL445589
AL109983
AL050320
AL133463
AL121782
AL158089
AL121754
AL161659
AL109657
AL354683
AL117333
AL353798
AL136992
AL132826
AL355133
AL121582
AL139825
AL354773
AL118510
AL161800
AL138808
AL031677
AL133462
AL049633
AL049867
AL158088
AL121584
AL050324
AL118503
AL035073
AC006198
AL079338
AL357654
AL136991
AL357504
AL161941
AL117376
AL118509
AL049794
AL355579
AL135938
AL034428
AL121892
AL121592
AL031684
AL135940
AL359511
AL031675
AL121779
AL031664
AL132765
AL160071
AL035045
AL121585
AL160411
AL050321
AL389897
AL049646
AL158176
AL121893
AL121900
AL121780
AL035563
AL135936
AL136090
AL049647
AL139827
AL034425
AL139429
AL121830
AL121761
AL132821
AL049538
AL035454
AL049648
AL121721
AL158849
AL161658
AL121896
AL078634
AL157718
AL109953
AL133465
AL121759
AL110120
AL117332
AL158013
AL133325
AL121590
AL035562
AL121921
AL117375
AL109807
AL157412
AL035258
AL049737
AL356733
AL121912
AL133464
AL445603
AL356742
AL121722
AL158175
AL049738
AL353132
AL049651
AL118508
AL357508
AL390037
AL096677
AL109954
AL121894
AL359433
AL359967
AL121831
AL133466
AL110503
AL109830
AL158090
AL034426
AL157413
AL049594
AL121925
AL353582
AL035661
AL080312
AL035252
AL121772
AL353812
AL031672
AL161802
AL031673
AL390198
AL078587
AL450124
AL391119
AL121904
AL358116
AL121762
AL441988
AL121723
AL031650
AL121751
AL110115
AL117381
AL160175
AL359765
AL031658
AL353092
AL049539
AL121897
AL354800
AL121583
AL034550
AL133343
AL132653
AL035071
AL390298
AL139826
AL121756
AL137225
AL121901
AL355392
AL162505
AL034421
AL121906
AL050349
AL034549
AL031668
AL035458
AL356299
AL109923
AL136173
AL118520
AL109824
AL049709
AL133324
AL132825
AL135844
AL356652
AL121753
AL121752
AL389874
AL121586
AL389875
AL109827
AL357374
AL356422
AL078461
AL109965
AL359828
AL035420
AL121895
AL512784
AL450465
AL445705
AL390374
AL050318
AL031662
AL132768
AL391602
AL079335
AL365505
AL391114
AL136172
AL031659
AL034422
AL390014
AL133293
AL132873
AL109614
AL162293
AL118499
AL023804
AL109964
AL109823
AL031651
AL359555
AL583962
AL499625
AL391692
AL080249
AL391693
AL049868
AL035419
AL133519
AL031657
AL121889
AL023803
AL136990
AL035251
AL121588
AL031661
AL109611
AL132981
AL139163
AL118523
AL133419
AL009050
AL121828
AL031256
AL118521
AL049691
AL034552
AL035665
AL034431
AL050317
AL031660
AL035652
AL022394
AL031257
AL132654
AL031667
AL121674
AL031669
AL354812
AL133229
AL359984
AL031654
AL049812
AL024473
AL035459
Z93942
AL022239
AL109826
AL035666
AL031656
AL136461
AL121763
AL031676
AL117374
AL359695
AL021395
AL138806
AL031681
Z98752
AL121886
AL161944
AL035089
AL353797
AL121587
AL034419
AL035447
AL035462
AL117382
AL132772
Z97053
AL139352
AL118522
AL008725
AL109839
Z93016
AL049767
AL035660
AL021578
AL031663
AL121778
AL031671
AL109656
AL050348
AL008726
AL162458
AL035662
AL031687
AL445286
AL133227
AL031686
AL354745
AL034424
AL133520
AL031055
AL359506
AL354766
AL121776
AL359434
AL390211
AL049540
AL390212
AL031666
AL109825
AL353777
AL021394
AL034418
AL354813
AL121777
Z95330
AL357558
AL139351
AL136102
AL133341
AL121888
AL137078
AL049541
AL445192
AL035106
AL133342
AL049537
AL121903
AL133174
AL357560
AL049766
AL121786
AL035685
AL118525
AL035683
AL162615
AL031685
AL121712
AL034423
AL161937
AL354889
AL034429
AL133230
AL353653
AL031680
AL133228
AL034553
AL050404
AL121785
AL121915
AL035457
AL079339
AL035682
AL132866
AL035684
AL138807
AL353799
AL034420
AL356354
AL035072
AL109984
AL121771
AL121923
AL035686
AL109977
AL109610
AL049765
AL049736
AL031674
AL161945
AL121902
AL050316
AL391097
AC004505
AL354772
AL109930
AL354993
AL157838
AC005808
AC005914
AC006076
AC004762
AC005220
AC004501
AL354801
AL138805
AL133335
AL389883
AL121922
AL442131
AL162292
AL118501
AL035667
AL133420
AL138809
AL162294
AL121593
AL158015
AL035663
AL161801
AL121826
AL160413
AL356388
AL109829
AL109828
AL121591
AL353640
AL117383
AL139824
AL359534
AL121914
AL109806
AL137162
AL121920
AL133232
AL161657
AL117380
AL157414
AL122058
AL135939
AL109955
AL160176
AL035541
AL161943
AL121913
AL162291
AL354984
AL354776
AL354834
AL035455
AL118513
AL050327
AL139349
AL132655
AL121917
AL109840
AL136532
AL121919
AL035250
AL160410
AL389889
AL121908
AL357503
AL158092
AL109928
AL353677
AL132822
AL035070
AL121918
AL136143
AL358237
AL161940
AL117372
AL139348
AL050326
AL121910
AL121887
AL365229
AL450463
AL391316
AL160412
AL079336
AL162457
AL365401
AL109911
AL137077
AL078633
AL354836
AL121832
AL499627
AL449263
AL450469
AL357033
AL035669
AL117379
AL121673
AL096828
AL121827
AL353658
AL121829
AL121907
AL353715
AL121845
AL158091
AL118506
AL356790
AL355803
AL121581
AL137028
AL163201
AL163202
AL163203
AL163204
AP001660
AL163206
AL163207
AL163208
AL163209
AL163210
AP001666
AP001667
AL163213
AP001669
AP001670
AP001671
AL163217
AL163218
AP001674
AP001675
AP001676
AP001677
AP001678
AP001679
AP001680
AP001681
AL163227
AP001683
AP001684
AP001685
AP001686
AP001687
AP001688
AP001689
AP001690
AP001691
AP001692
AP001693
AP001694
AP001695
AP001696
AP001697
AP001698
AP001699
AP001700
AL163246
AL163247
AL163248
AL163249
AP001705
AP001706
AP001707
AP001708
AP001709
AP001710
AP001711
AP001712
AP001713
AP001714
AP001715
AP001716
AP001717
AP001718
AP001719
AP001720
AP001721
AL163267
AL163268
AP001724
AP001725
AP001726
AP001727
AP001728
AP001729
AP001730
AP001731
AP001732
AL163278
AL163279
AL163280
AL163281
AL163282
AL163283
AL163284
AL163285
AP001741
AP001743
AP001745
AP001746
AP001747
AP001748
AP001749
AP001751
AP001752
AP001753
AP001754
AL163300
AL163301
AL163302
AL163303
AP001759
AP001760
AP001761
AP000522
AP000523
AP000524
AP000525
AP000526
AP000527
AP000528
AP000529
AP000530
AP000531
AP000532
AP000533
AP000534
AP000535
AP000536
AP000537
AP000538
AP000539
AP000540
AP000541
AP000542
AP000543
AP000544
AP000545
AP000546
AP000547
AP000365
AC005301
AC007064
AC006548
AC006946
AC005300
AC005399
AC004019
AC007666
AC006285
AC016026
AC016027
AC008101
AC008079
AC008132
AC008103
AC007326
AC000095
AC004461
AC004462
AC004471
AC004463
L77569
AC000081
AC000094
AC000085
AC000092
AC000079
AC000068
AC000087
AC000088
AC000082
AC000070
AC000086
AC000077
AC002475
AC000067
AC000093
AC000091
AC000089
AC000076
AC000078
AC000090
AC000080
AC005663
AC006547
AC007663
AC007731
AC005500
AC004033
AC007050
AC007308
AC002470
AC002472
AP000550
AP000551
AP000552
AP000556
AP000557
AP000558
AP000553
AP000554
AP000555
D86995
D87019
D87012
D88268
D86993
D87004
D87022
D88271
D88269
D87000
D86996
D86989
D88270
D87003
D87018
D87016
D86999
D87010
D87009
D87011
D87013
D87014
D86991
D87002
D87006
D86994
D87007
D87015
D86998
D87021
D87024
D87020
D87023
D87017
AP000360
AP000361
AP000362
AC000029
AC000102
U07000
AP000343
AP000344
AP000345
AP000346
AP000347
AP000348
AP000349
AP000350
AP000351
AP000352
AP000353
AP000354
AP000355
AP000356
AP000357
AP000358
AP000359
AL049759
AL050312
AL022323
Z99916
AL022332
AL022324
AL008721
AL022329
AL080245
Z98949
AL079300
AL022337
AL080273
AL023513
AL078460
AL035044
Z99714
Z95115
Z99774
Z95889
Z97353
AL008638
AL021153
AL034386
AL020994
AL049536
AL050402
AL133456
AL133397
AL390209
AL133398
AL121885
AL390210
AL031591
AL033538
AL035453
AL050313
AL035397
AL023281
AL008722
AL080241
AL118497
AL121825
AL117330
AL023494
Z93930
AL031596
Z95113
AL021393
Z95116
AL031186
AC000026
AC002059
AC000041
AC000035
AC005529
AC004882
AC004819
AC003681
AC003071
AC002378
AC004264
AC004997
AC004832
AC005006
AC003072
AL079299
AL022336
AC004542
AC005233
AC005005
AC002073
AC005003
AL096702
AL096701
AL109802
AL096768
AL031255
AC005004
AL022331
Z82190
Z83856
Z82248
AL008719
Z74021
Z80998
Z83849
AL022321
Z83839
AL008723
AL021937
AL035068
Z71183
Z82181
Z80902
AL021452
Z82246
Z75744
Z81309
Z69714
Z72521
Z72520
Z73495
AL023282
Z73979
Z98256
AL031592
Z83846
Z82198
AL008630
Z82173
AL008715
AL023577
Z82179
Z73421
AL133451
Z69943
AL008640
Z70288
Z97354
Z69042
Z68287
Z76736
Z69713
Z68324
AL096754
Z49866
Z54073
Z77853
Z69715
Z73429
Z69925
Z68223
Z83852
Z82182
Z99704
Z74581
AL008641
Z69707
Z68285
AL022338
Z82250
AL008717
Z68323
Z68288
Z68325
Z69712
Z68754
Z68758
Z50860
AL020992
Z68224
AL049750
Z69907
AL031001
AL021877
Z82196
AL024495
Z82194
Z83853
AL024494
Z99755
AL031300
AL008635
Z82244
AL009049
AL022334
AL049747
Z79996
AL049748
AL079295
Z82217
Z95114
AL031426
Z82215
AL022302
AL022313
AL031845
Z70289
AL049749
Z80897
Z82184
Z82185
AL008637
AL133392
Z82180
Z73420
AL022314
Z82188
Z94160
AL049850
Z93096
AL049851
AL022315
AL109980
AL035496
Z83844
Z97630
AL022311
AL031587
AL022322
AL021977
AL020993
Z98749
Z97056
AL022320
AL035495
AL021707
AL021806
AL008583
AL022318
AL078641
AL031846
Z81010
AL031590
AL022326
Z83845
AL022312
AL008716
AL022319
AL022353
Z82206
Z83847
AL033547
AL031589
Z93783
AL022238
AL031594
Z86090
AL096703
AL049764
Z98048
AL035450
AL080242
AL080243
AL096765
AL035658
AL035681
AL035659
AL008582
AL023553
Z83840
AL023879
AL021453
Z99716
Z82192
AL021878
AL031346
Z83851
AL022316
AL035418
Z93241
Z82176
AL049757
AL049758
AL022476
AL022237
Z82214
Z99756
AL096761
Z82172
AL096759
AL049708
AL118498
AL031843
Z82201
AL023801
Z97055
AL023654
AL035398
Z82178
Z82174
AL033543
AL031595
AL022339
Z85994
Z81308
AL023973
Z75407
AL022317
AL022333
Z98743
Z93244
Z83838
AL079301
AL049760
Z82243
AL008718
AL021391
Z98047
Z95331
Z93784
Z84478
AL049811
AL049853
Z94161
AL049856
AL078611
AL031034
Z93024
AL031844
AL031588
AL031597
AL021392
AL096766
AL118516
AL078642
Z97351
Z82187
U51561
AL023576
Z80896
Z79999
AL023733
Z81000
AL096755
U51559
AL096756
Z82183
Z83836
Z82186
AL035069
Z84496
AL021306
Z80999
Z73416
AL033544
AL049568
Z80901
AC000034
Z83854
AL117329
AL121580
AL110122
Z73963
AL110121
Z70688
Z81002
Z80772
AL118553
Z78421
AL118554
AL050314
AL008720
Z72006
Z82249
AL078640
Z84468
AL096853
AL096843
Z83837
Z83855
AL078607
AL078613
AL078622
AL078632
AL049773
Z94162
AL049774
Z82202
Z82189
AL008636
AL031593
Z97192
AL023802
Z98885
AL117328
AL080240
AL022327
AL034546
AL022328
AL096767
Z94802
U62317
Z82168
Z82245
AC000050
AC000036
AC002056
AC002055
