command=find
profile=rrcentral hgcentral.gbMembers.userName
-----------------------------------------
30Â∫¶
30Â∫¶ has non-ASCII characters
30Â∫¶ has valid UTF8 characters
Unknown utf8 multi-byte char: Â∫¶ codePoint=24230
fix command not specified, skipping fix. fixedVal=30&#24230;
-----------------------------------------
37Â∫¶
37Â∫¶ has non-ASCII characters
37Â∫¶ has valid UTF8 characters
Unknown utf8 multi-byte char: Â∫¶ codePoint=24230
fix command not specified, skipping fix. fixedVal=37&#24230;
-----------------------------------------
Ainhoa Go√±i
Ainhoa Go√±i has non-ASCII characters
Ainhoa Go√±i has valid UTF8 characters
FYI translated with hash
fix command not specified, skipping fix. fixedVal=Ainhoa GoÒi
-----------------------------------------
Ana Fern√°ndez-Mi√±√°n
Ana Fern√°ndez-Mi√±√°n has non-ASCII characters
Ana Fern√°ndez-Mi√±√°n has valid UTF8 characters
FYI translated with hash
FYI translated with hash
FYI translated with hash
fix command not specified, skipping fix. fixedVal=Ana Fern·ndez-MiÒ·n
-----------------------------------------
Ana√Øs
Ana√Øs has non-ASCII characters
Ana√Øs has valid UTF8 characters
FYI translated with hash
fix command not specified, skipping fix. fixedVal=AnaÔs
-----------------------------------------
Ana√ØsTest
Ana√ØsTest has non-ASCII characters
Ana√ØsTest has valid UTF8 characters
FYI translated with hash
fix command not specified, skipping fix. fixedVal=AnaÔsTest
-----------------------------------------
Andr√© Rendeiro
Andr√© Rendeiro has non-ASCII characters
Andr√© Rendeiro has valid UTF8 characters
FYI translated with hash
fix command not specified, skipping fix. fixedVal=AndrÈ Rendeiro
-----------------------------------------
AndrÈanneMorin
AndrÈanneMorin has non-ASCII characters
AndrÈanneMorin Does NOT have valid UTF8 characters
-----------------------------------------
Anne-Sophie Denomm√©
Anne-Sophie Denomm√© has non-ASCII characters
Anne-Sophie Denomm√© has valid UTF8 characters
FYI translated with hash
fix command not specified, skipping fix. fixedVal=Anne-Sophie DenommÈ
-----------------------------------------
Aur√©lie
Aur√©lie has non-ASCII characters
Aur√©lie has valid UTF8 characters
FYI translated with hash
fix command not specified, skipping fix. fixedVal=AurÈlie
-----------------------------------------
Aur√©lien Griffon
Aur√©lien Griffon has non-ASCII characters
Aur√©lien Griffon has valid UTF8 characters
FYI translated with hash
fix command not specified, skipping fix. fixedVal=AurÈlien Griffon
-----------------------------------------
awt1471¬ß
awt1471¬ß has non-ASCII characters
awt1471¬ß has valid UTF8 characters
FYI translated with hash
fix command not specified, skipping fix. fixedVal=awt1471ß
-----------------------------------------
√Ångel√Ålvarez
√Ångel√Ålvarez has non-ASCII characters
√Ångel√Ålvarez has valid UTF8 characters
FYI translated with hash
FYI translated with hash
fix command not specified, skipping fix. fixedVal=¡ngel¡lvarez
-----------------------------------------
„ÅÑ„Çâ„Å£„Åó
„ÅÑ„Çâ„Å£„Åó has non-ASCII characters
„ÅÑ„Çâ„Å£„Åó has valid UTF8 characters
Unknown utf8 multi-byte char: „ÅÑ codePoint=12356
Unknown utf8 multi-byte char: „Çâ codePoint=12425
Unknown utf8 multi-byte char: „Å£ codePoint=12387
Unknown utf8 multi-byte char: „Åó codePoint=12375
fix command not specified, skipping fix. fixedVal=&#12356;&#12425;&#12387;&#12375;
-----------------------------------------
√ârica
√ârica has non-ASCII characters
√ârica has valid UTF8 characters
FYI translated with hash
fix command not specified, skipping fix. fixedVal=…rica
-----------------------------------------
Bj√∂rn-Fischer-Zirnsak
Bj√∂rn-Fischer-Zirnsak has non-ASCII characters
Bj√∂rn-Fischer-Zirnsak has valid UTF8 characters
FYI translated with hash
fix command not specified, skipping fix. fixedVal=Bjˆrn-Fischer-Zirnsak
-----------------------------------------
C√©line BONNET
C√©line BONNET has non-ASCII characters
C√©line BONNET has valid UTF8 characters
FYI translated with hash
fix command not specified, skipping fix. fixedVal=CÈline BONNET
-----------------------------------------
Chlo√© GM
Chlo√© GM has non-ASCII characters
Chlo√© GM has valid UTF8 characters
FYI translated with hash
fix command not specified, skipping fix. fixedVal=ChloÈ GM
-----------------------------------------
Cornelia Siebenk√§s
Cornelia Siebenk√§s has non-ASCII characters
Cornelia Siebenk√§s has valid UTF8 characters
FYI translated with hash
fix command not specified, skipping fix. fixedVal=Cornelia Siebenk‰s
-----------------------------------------
D√©bora
D√©bora has non-ASCII characters
D√©bora has valid UTF8 characters
FYI translated with hash
fix command not specified, skipping fix. fixedVal=DÈbora
-----------------------------------------
Dorthe √òrnskov
Dorthe √òrnskov has non-ASCII characters
Dorthe √òrnskov has valid UTF8 characters
FYI translated with hash
fix command not specified, skipping fix. fixedVal=Dorthe ÿrnskov
-----------------------------------------
Dr Sabrina B√∂hm
Dr Sabrina B√∂hm has non-ASCII characters
Dr Sabrina B√∂hm has valid UTF8 characters
FYI translated with hash
fix command not specified, skipping fix. fixedVal=Dr Sabrina Bˆhm
-----------------------------------------
Efr√©n Riu
Efr√©n Riu has non-ASCII characters
Efr√©n Riu has valid UTF8 characters
FYI translated with hash
fix command not specified, skipping fix. fixedVal=EfrÈn Riu
-----------------------------------------
Eric DuchÍne
Eric DuchÍne has non-ASCII characters
Eric DuchÍne Does NOT have valid UTF8 characters
-----------------------------------------
Erik S√∂dersten
Erik S√∂dersten has non-ASCII characters
Erik S√∂dersten has valid UTF8 characters
FYI translated with hash
fix command not specified, skipping fix. fixedVal=Erik Sˆdersten
-----------------------------------------
eyy√ºp
eyy√ºp has non-ASCII characters
eyy√ºp has valid UTF8 characters
FYI translated with hash
fix command not specified, skipping fix. fixedVal=eyy¸p
-----------------------------------------
Ë¥∫Ë∂Ö
Ë¥∫Ë∂Ö has non-ASCII characters
Ë¥∫Ë∂Ö has valid UTF8 characters
Unknown utf8 multi-byte char: Ë¥∫ codePoint=36154
Unknown utf8 multi-byte char: Ë∂Ö codePoint=36229
fix command not specified, skipping fix. fixedVal=&#36154;&#36229;
-----------------------------------------
f√§ncy_wo√∂l
f√§ncy_wo√∂l has non-ASCII characters
f√§ncy_wo√∂l has valid UTF8 characters
FYI translated with hash
FYI translated with hash
fix command not specified, skipping fix. fixedVal=f‰ncy_woˆl
-----------------------------------------
f√§ncy_wo√∂t
f√§ncy_wo√∂t has non-ASCII characters
f√§ncy_wo√∂t has valid UTF8 characters
FYI translated with hash
FYI translated with hash
fix command not specified, skipping fix. fixedVal=f‰ncy_woˆt
-----------------------------------------
fran√ßois
fran√ßois has non-ASCII characters
fran√ßois has valid UTF8 characters
FYI translated with hash
fix command not specified, skipping fix. fixedVal=franÁois
-----------------------------------------
Fran√ßois Sigaux
Fran√ßois Sigaux has non-ASCII characters
Fran√ßois Sigaux has valid UTF8 characters
FYI translated with hash
fix command not specified, skipping fix. fixedVal=FranÁois Sigaux
-----------------------------------------
fran√ßois.lecoquierre
fran√ßois.lecoquierre has non-ASCII characters
fran√ßois.lecoquierre has valid UTF8 characters
FYI translated with hash
fix command not specified, skipping fix. fixedVal=franÁois.lecoquierre
-----------------------------------------
Fr√§nze Vorreiter
Fr√§nze Vorreiter has non-ASCII characters
Fr√§nze Vorreiter has valid UTF8 characters
FYI translated with hash
fix command not specified, skipping fix. fixedVal=Fr‰nze Vorreiter
-----------------------------------------
Fr√©d√©ric Cremazy
Fr√©d√©ric Cremazy has non-ASCII characters
Fr√©d√©ric Cremazy has valid UTF8 characters
FYI translated with hash
FYI translated with hash
fix command not specified, skipping fix. fixedVal=FrÈdÈric Cremazy
-----------------------------------------
f‰ncy_p‰nts
f‰ncy_p‰nts has non-ASCII characters
f‰ncy_p‰nts Does NOT have valid UTF8 characters
-----------------------------------------
Ga√´lla
Ga√´lla has non-ASCII characters
Ga√´lla has valid UTF8 characters
FYI translated with hash
fix command not specified, skipping fix. fixedVal=GaÎlla
-----------------------------------------
Ga√´lle
Ga√´lle has non-ASCII characters
Ga√´lle has valid UTF8 characters
FYI translated with hash
fix command not specified, skipping fix. fixedVal=GaÎlle
-----------------------------------------
Ga√´tan MAURER
Ga√´tan MAURER has non-ASCII characters
Ga√´tan MAURER has valid UTF8 characters
FYI translated with hash
fix command not specified, skipping fix. fixedVal=GaÎtan MAURER
-----------------------------------------
G√†ri
G√†ri has non-ASCII characters
G√†ri has valid UTF8 characters
FYI translated with hash
fix command not specified, skipping fix. fixedVal=G‡ri
-----------------------------------------
Georgina G√≥mez Saldivar
Georgina G√≥mez Saldivar has non-ASCII characters
Georgina G√≥mez Saldivar has valid UTF8 characters
FYI translated with hash
fix command not specified, skipping fix. fixedVal=Georgina GÛmez Saldivar
-----------------------------------------
Gernot L‰ngst
Gernot L‰ngst has non-ASCII characters
Gernot L‰ngst Does NOT have valid UTF8 characters
-----------------------------------------
hiram ÚÛÙı
hiram ÚÛÙı has non-ASCII characters
hiram ÚÛÙı Does NOT have valid UTF8 characters
-----------------------------------------
I√±igo
I√±igo has non-ASCII characters
I√±igo has valid UTF8 characters
FYI translated with hash
fix command not specified, skipping fix. fixedVal=IÒigo
-----------------------------------------
Il√°ria
Il√°ria has non-ASCII characters
Il√°ria has valid UTF8 characters
FYI translated with hash
fix command not specified, skipping fix. fixedVal=Il·ria
-----------------------------------------
In√™s Concei√ß√£o
In√™s Concei√ß√£o has non-ASCII characters
In√™s Concei√ß√£o has valid UTF8 characters
FYI translated with hash
FYI translated with hash
FYI translated with hash
fix command not specified, skipping fix. fixedVal=InÍs ConceiÁ„o
-----------------------------------------
Irene Mart√≠nez Rodr√≠guez
Irene Mart√≠nez Rodr√≠guez has non-ASCII characters
Irene Mart√≠nez Rodr√≠guez has valid UTF8 characters
FYI translated with hash
FYI translated with hash
fix command not specified, skipping fix. fixedVal=Irene MartÌnez RodrÌguez
-----------------------------------------
Jana B√∂hmov√°
Jana B√∂hmov√° has non-ASCII characters
Jana B√∂hmov√° has valid UTF8 characters
FYI translated with hash
FYI translated with hash
fix command not specified, skipping fix. fixedVal=Jana Bˆhmov·
-----------------------------------------
J√©r√¥me
J√©r√¥me has non-ASCII characters
J√©r√¥me has valid UTF8 characters
FYI translated with hash
FYI translated with hash
fix command not specified, skipping fix. fixedVal=JÈrÙme
-----------------------------------------
J√∂rn Walter
J√∂rn Walter has non-ASCII characters
J√∂rn Walter has valid UTF8 characters
FYI translated with hash
fix command not specified, skipping fix. fixedVal=Jˆrn Walter
-----------------------------------------
Jean-Fran√ßois Soucy
Jean-Fran√ßois Soucy has non-ASCII characters
Jean-Fran√ßois Soucy has valid UTF8 characters
FYI translated with hash
fix command not specified, skipping fix. fixedVal=Jean-FranÁois Soucy
-----------------------------------------
Jordi V√©lez
Jordi V√©lez has non-ASCII characters
Jordi V√©lez has valid UTF8 characters
FYI translated with hash
fix command not specified, skipping fix. fixedVal=Jordi VÈlez
-----------------------------------------
Jos√© F. Rodr√≠guez Molina
Jos√© F. Rodr√≠guez Molina has non-ASCII characters
Jos√© F. Rodr√≠guez Molina has valid UTF8 characters
FYI translated with hash
FYI translated with hash
fix command not specified, skipping fix. fixedVal=JosÈ F. RodrÌguez Molina
-----------------------------------------
Jos√© Oliveira Santos
Jos√© Oliveira Santos has non-ASCII characters
Jos√© Oliveira Santos has valid UTF8 characters
FYI translated with hash
fix command not specified, skipping fix. fixedVal=JosÈ Oliveira Santos
-----------------------------------------
JosÈ Antonio Cornejo-Garcia
JosÈ Antonio Cornejo-Garcia has non-ASCII characters
JosÈ Antonio Cornejo-Garcia Does NOT have valid UTF8 characters
-----------------------------------------
Judith EscarrÈ
Judith EscarrÈ has non-ASCII characters
Judith EscarrÈ Does NOT have valid UTF8 characters
-----------------------------------------
Karel Fi≈°er
Karel Fi≈°er has non-ASCII characters
Karel Fi≈°er has valid UTF8 characters
FYI translated with hash
fix command not specified, skipping fix. fixedVal=Karel Fiöer
-----------------------------------------
K√©vin MOREAU
K√©vin MOREAU has non-ASCII characters
K√©vin MOREAU has valid UTF8 characters
FYI translated with hash
fix command not specified, skipping fix. fixedVal=KÈvin MOREAU
-----------------------------------------
MadsJ√∏rgensen
MadsJ√∏rgensen has non-ASCII characters
MadsJ√∏rgensen has valid UTF8 characters
FYI translated with hash
fix command not specified, skipping fix. fixedVal=MadsJ¯rgensen
-----------------------------------------
Majken Siersb√¶k
Majken Siersb√¶k has non-ASCII characters
Majken Siersb√¶k has valid UTF8 characters
FYI translated with hash
fix command not specified, skipping fix. fixedVal=Majken SiersbÊk
-----------------------------------------
Mar Gonz√°lez
Mar Gonz√°lez has non-ASCII characters
Mar Gonz√°lez has valid UTF8 characters
FYI translated with hash
fix command not specified, skipping fix. fixedVal=Mar Gonz·lez
-----------------------------------------
Mar√≠a 
Mar√≠a  has non-ASCII characters
Mar√≠a  has valid UTF8 characters
FYI translated with hash
fix command not specified, skipping fix. fixedVal=MarÌa 
-----------------------------------------
Marc Friedl√§nder
Marc Friedl√§nder has non-ASCII characters
Marc Friedl√§nder has valid UTF8 characters
FYI translated with hash
fix command not specified, skipping fix. fixedVal=Marc Friedl‰nder
-----------------------------------------
marpe√±a
marpe√±a has non-ASCII characters
marpe√±a has valid UTF8 characters
FYI translated with hash
fix command not specified, skipping fix. fixedVal=marpeÒa
-----------------------------------------
Mathilde J√∏rgensen
Mathilde J√∏rgensen has non-ASCII characters
Mathilde J√∏rgensen has valid UTF8 characters
FYI translated with hash
fix command not specified, skipping fix. fixedVal=Mathilde J¯rgensen
-----------------------------------------
Mette J√∏rgensen
Mette J√∏rgensen has non-ASCII characters
Mette J√∏rgensen has valid UTF8 characters
FYI translated with hash
fix command not specified, skipping fix. fixedVal=Mette J¯rgensen
-----------------------------------------
Mi√±an
Mi√±an has non-ASCII characters
Mi√±an has valid UTF8 characters
FYI translated with hash
fix command not specified, skipping fix. fixedVal=MiÒan
-----------------------------------------
Micha√´l 
Micha√´l  has non-ASCII characters
Micha√´l  has valid UTF8 characters
FYI translated with hash
fix command not specified, skipping fix. fixedVal=MichaÎl 
-----------------------------------------
Miriam Marqu√©s
Miriam Marqu√©s has non-ASCII characters
Miriam Marqu√©s has valid UTF8 characters
FYI translated with hash
fix command not specified, skipping fix. fixedVal=Miriam MarquÈs
-----------------------------------------
NA√èBO Pierre
NA√èBO Pierre has non-ASCII characters
NA√èBO Pierre has valid UTF8 characters
FYI translated with hash
fix command not specified, skipping fix. fixedVal=NAœBO Pierre
-----------------------------------------
Natali Castro D√≠az
Natali Castro D√≠az has non-ASCII characters
Natali Castro D√≠az has valid UTF8 characters
FYI translated with hash
fix command not specified, skipping fix. fixedVal=Natali Castro DÌaz
-----------------------------------------
N√∫ria
N√∫ria has non-ASCII characters
N√∫ria has valid UTF8 characters
FYI translated with hash
fix command not specified, skipping fix. fixedVal=N˙ria
-----------------------------------------
Noem√≠
Noem√≠ has non-ASCII characters
Noem√≠ has valid UTF8 characters
FYI translated with hash
fix command not specified, skipping fix. fixedVal=NoemÌ
-----------------------------------------
P‚mela A. Alexandre
P‚mela A. Alexandre has non-ASCII characters
P‚mela A. Alexandre Does NOT have valid UTF8 characters
-----------------------------------------
Paul Anderson Souza Guimar√£es
Paul Anderson Souza Guimar√£es has non-ASCII characters
Paul Anderson Souza Guimar√£es has valid UTF8 characters
FYI translated with hash
fix command not specified, skipping fix. fixedVal=Paul Anderson Souza Guimar„es
-----------------------------------------
Paula Kuser Falc√£o
Paula Kuser Falc√£o has non-ASCII characters
Paula Kuser Falc√£o has valid UTF8 characters
FYI translated with hash
fix command not specified, skipping fix. fixedVal=Paula Kuser Falc„o
-----------------------------------------
Paula Miram√≥n
Paula Miram√≥n has non-ASCII characters
Paula Miram√≥n has valid UTF8 characters
FYI translated with hash
fix command not specified, skipping fix. fixedVal=Paula MiramÛn
-----------------------------------------
Pedro Antonio √Åvila L√≥pez 
Pedro Antonio √Åvila L√≥pez  has non-ASCII characters
Pedro Antonio √Åvila L√≥pez  has valid UTF8 characters
FYI translated with hash
FYI translated with hash
fix command not specified, skipping fix. fixedVal=Pedro Antonio ¡vila LÛpez 
-----------------------------------------
pernille bach j¯rgensen
pernille bach j¯rgensen has non-ASCII characters
pernille bach j¯rgensen Does NOT have valid UTF8 characters
-----------------------------------------
Ramon Cierco Jim√©nez
Ramon Cierco Jim√©nez has non-ASCII characters
Ramon Cierco Jim√©nez has valid UTF8 characters
FYI translated with hash
fix command not specified, skipping fix. fixedVal=Ramon Cierco JimÈnez
-----------------------------------------
Sara Monz√≥n
Sara Monz√≥n has non-ASCII characters
Sara Monz√≥n has valid UTF8 characters
FYI translated with hash
fix command not specified, skipping fix. fixedVal=Sara MonzÛn
-----------------------------------------
Saul Zu√±iga
Saul Zu√±iga has non-ASCII characters
Saul Zu√±iga has valid UTF8 characters
FYI translated with hash
fix command not specified, skipping fix. fixedVal=Saul ZuÒiga
-----------------------------------------
Sigurj√≥n
Sigurj√≥n has non-ASCII characters
Sigurj√≥n has valid UTF8 characters
FYI translated with hash
fix command not specified, skipping fix. fixedVal=SigurjÛn
-----------------------------------------
Sten Vissing Fahn√∏e Hansen
Sten Vissing Fahn√∏e Hansen has non-ASCII characters
Sten Vissing Fahn√∏e Hansen has valid UTF8 characters
FYI translated with hash
fix command not specified, skipping fix. fixedVal=Sten Vissing Fahn¯e Hansen
-----------------------------------------
Stutz Fran√ßoise
Stutz Fran√ßoise has non-ASCII characters
Stutz Fran√ßoise has valid UTF8 characters
FYI translated with hash
fix command not specified, skipping fix. fixedVal=Stutz FranÁoise
-----------------------------------------
Tarmo √Ñij√∂
Tarmo √Ñij√∂ has non-ASCII characters
Tarmo √Ñij√∂ has valid UTF8 characters
FYI translated with hash
FYI translated with hash
fix command not specified, skipping fix. fixedVal=Tarmo ƒijˆ
-----------------------------------------
Thomas G√ºnther
Thomas G√ºnther has non-ASCII characters
Thomas G√ºnther has valid UTF8 characters
FYI translated with hash
fix command not specified, skipping fix. fixedVal=Thomas G¸nther
-----------------------------------------
Torill H√∏iby
Torill H√∏iby has non-ASCII characters
Torill H√∏iby has valid UTF8 characters
FYI translated with hash
fix command not specified, skipping fix. fixedVal=Torill H¯iby
-----------------------------------------
Uku H√§marik
Uku H√§marik has non-ASCII characters
Uku H√§marik has valid UTF8 characters
FYI translated with hash
fix command not specified, skipping fix. fixedVal=Uku H‰marik
-----------------------------------------
Vanessa Rodrigues Paix√£o-C√¥rtes
Vanessa Rodrigues Paix√£o-C√¥rtes has non-ASCII characters
Vanessa Rodrigues Paix√£o-C√¥rtes has valid UTF8 characters
FYI translated with hash
FYI translated with hash
fix command not specified, skipping fix. fixedVal=Vanessa Rodrigues Paix„o-CÙrtes
-----------------------------------------
V√≠ctor Latorre
V√≠ctor Latorre has non-ASCII characters
V√≠ctor Latorre has valid UTF8 characters
FYI translated with hash
fix command not specified, skipping fix. fixedVal=VÌctor Latorre
-----------------------------------------
Ver√≥nica ponce
Ver√≥nica ponce has non-ASCII characters
Ver√≥nica ponce has valid UTF8 characters
FYI translated with hash
fix command not specified, skipping fix. fixedVal=VerÛnica ponce
-----------------------------------------
Viktor S. Po√≥r
Viktor S. Po√≥r has non-ASCII characters
Viktor S. Po√≥r has valid UTF8 characters
FYI translated with hash
fix command not specified, skipping fix. fixedVal=Viktor S. PoÛr
-----------------------------------------
Â¢óÁî∞Ë£ïÂ§™
Â¢óÁî∞Ë£ïÂ§™ has non-ASCII characters
Â¢óÁî∞Ë£ïÂ§™ has valid UTF8 characters
Unknown utf8 multi-byte char: Â¢ó codePoint=22679
Unknown utf8 multi-byte char: Áî∞ codePoint=30000
Unknown utf8 multi-byte char: Ë£ï codePoint=35029
Unknown utf8 multi-byte char: Â§™ codePoint=22826
fix command not specified, skipping fix. fixedVal=&#22679;&#30000;&#35029;&#22826;
-----------------------------------------
ÂÆâÂ¶Æ
ÂÆâÂ¶Æ has non-ASCII characters
ÂÆâÂ¶Æ has valid UTF8 characters
Unknown utf8 multi-byte char: ÂÆâ codePoint=23433
Unknown utf8 multi-byte char: Â¶Æ codePoint=22958
fix command not specified, skipping fix. fixedVal=&#23433;&#22958;
-----------------------------------------
Êú±ËÉúÁî∑
Êú±ËÉúÁî∑ has non-ASCII characters
Êú±ËÉúÁî∑ has valid UTF8 characters
Unknown utf8 multi-byte char: Êú± codePoint=26417
Unknown utf8 multi-byte char: ËÉú codePoint=32988
Unknown utf8 multi-byte char: Áî∑ codePoint=30007
fix command not specified, skipping fix. fixedVal=&#26417;&#32988;&#30007;


86 utf-8 field values would have been converted to windows-1252 (a superset of iso-8859-1).
30912 rows in hgcentral.gbMembers.userName
17 times a utf-8 multi-byte character was missing from the translation hash.
0 times a duplicate fixed value was found.

fix command was not specified. Dry run only.

