AL360078.16
AL034548.25
AL121747.41
AL049761.11
AL133231.15
AL121758.24
AL118502.38
AL161939.10
AL050325.20
AL110114.1
AL031665.19
AL136531.16
AL109658.5
AL049634.8
AL138804.16
AL109809.18
AL121760.11
AL117335.26
AL034562.3
AL359916.8
AL121899.37
AL031678.2
AL049650.8
AL133339.13
AL049712.12
AL133345.11
AL035460.15
AL161656.20
AL121905.23
AL160414.18
AL121891.22
AL109976.23
AL117334.29
AL353193.7
AL109805.14
AL132773.14
AL356755.12
AL109804.41
AL353194.13
AL031670.6
AL356414.11
AL121675.36
AL357040.14
AL139350.17
AL121781.38
AL121916.14
AL133396.2
AL133354.14
AL445075.1
AL389886.10
AL109841.16
AL121890.34
AL121924.13
AL121755.23
AL121757.7
AL109935.39
AL117377.18
AL035249.6
AL390028.11
AL035461.11
AL118505.17
AL359954.6
AL109618.1
AL158093.8
AL162504.12
AL121911.15
AL035668.15
AL109856.3
AL034554.8
AL161655.8
AL096799.6
AL080248.7
AL078643.5
AL096792.5
AL096769.7
AL031653.5
AL031679.1
AL021879.3
AL035664.16
AL021396.6
AL050323.4
AL021406.1
AL121589.17
AL034551.17
AL365212.15
AL050319.9
AL031655.8
AL049632.8
AL050315.9
AL031683.2
AL049593.10
AL445567.1
AL121898.23
AL121909.10
AL023805.2
AL031652.2
AL353612.9
AL135935.17
AL031682.2
AL034427.2
AL353739.4
AL109754.13
AL354824.8
AL023913.6
AL034430.2
AL353599.7
AL133340.27
AL035456.26
AL135937.22
AL050403.14
AL158042.9
AL050322.11
AL078588.9
AL049649.5
AL049690.18
AL079337.11
AL109837.22
AL161938.6
AL445667.4
AL080274.21
AL035448.29
AL034547.12
AL109838.11
AL136460.28
AL096862.18
AL034561.5
AL138850.12
AL354804.15
AL078623.28
AL133331.27
AL445589.6
AL109983.2
AL050320.19
AL133463.16
AL121782.9
AL158089.8
AL121754.18
AL161659.17
AL109657.8
AL354683.12
AL117333.26
AL353798.9
AL136992.22
AL132826.16
AL355133.8
AL121582.19
AL139825.14
AL354773.8
AL118510.6
AL161800.10
AL138808.17
AL031677.5
AL133462.23
AL049633.3
AL049867.2
AL158088.6
AL121584.24
AL050324.5
AL118503.13
AL035073.5
AC006198.1
AL079338.16
AL357654.9
AL136991.26
AL357504.6
AL161941.18
AL117376.28
AL118509.9
AL049794.14
AL355579.12
AL135938.9
AL034428.2
AL121892.9
AL121592.14
AL031684.14
AL135940.11
AL359511.16
AL031675.2
AL121779.11
AL031664.1
AL132765.38
AL160071.16
AL035045.3
AL121585.22
AL160411.25
AL050321.9
AL389897.4
AL049646.19
AL158176.6
AL121893.21
AL121900.26
AL121780.11
AL035563.19
AL135936.11
AL136090.12
AL049647.7
AL139827.7
AL034425.7
AL139429.8
AL121830.25
AL121761.5
AL132821.17
AL049538.9
AL035454.18
AL049648.7
AL121721.20
AL158849.16
AL161658.21
AL121896.11
AL078634.24
AL157718.10
AL109953.24
AL133465.30
AL121759.25
AL110120.11
AL117332.16
AL158013.25
AL133325.20
AL121590.11
AL035562.14
AL121921.7
AL117375.12
AL109807.16
AL157412.16
AL035258.10
AL049737.4
AL356733.8
AL121912.18
AL133464.12
AL445603.12
AL356742.12
AL121722.9
AL158175.7
AL049738.4
AL353132.18
AL049651.2
AL118508.27
AL357508.10
AL390037.16
AL096677.19
AL109954.13
AL121894.26
AL359433.7
AL359967.5
AL121831.19
AL133466.22
AL110503.2
AL109830.9
AL158090.3
AL034426.5
AL157413.18
AL049594.4
AL121925.10
AL353582.16
AL035661.16
AL080312.14
AL035252.5
AL121772.19
AL353812.13
AL031672.13
AL161802.15
AL031673.17
AL390198.17
AL078587.18
AL450124.7
AL391119.8
AL121904.13
AL358116.7
AL121762.13
AL441988.11
AL121723.36
AL031650.22
AL121751.12
AL110115.38
AL117381.32
AL160175.5
AL359765.6
AL031658.11
AL353092.6
AL049539.21
AL121897.32
AL354800.4
AL121583.25
AL034550.31
AL133343.23
AL132653.22
AL035071.17
AL390298.13
AL139826.15
AL121756.14
AL137225.12
AL121901.20
AL355392.7
AL162505.20
AL034421.5
AL121906.18
AL050349.27
AL034549.19
AL031668.21
AL035458.35
AL356299.16
AL109923.29
AL136173.24
AL118520.26
AL109824.24
AL049709.16
AL133324.13
AL132825.35
AL135844.9
AL356652.19
AL121753.30
AL121752.13
AL389874.1
AL121586.29
AL389875.1
AL109827.8
AL357374.11
AL356422.12
AL078461.38
AL109965.34
AL359828.13
AL035420.15
AL121895.26
AL512784.6
AL450465.12
AL445705.8
AL390374.16
AL050318.13
AL031662.26
AL132768.15
AL391602.6
AL079335.29
AL365505.15
AL391114.12
AL136172.16
AL031659.7
AL034422.24
AL390014.4
AL133293.28
AL132873.7
AL109614.28
AL162293.22
AL118499.39
AL023804.2
AL109964.20
AL109823.23
AL031651.33
AL359555.9
AL583962.5
AL499625.4
AL391692.1
AL080249.26
AL391693.1
AL049868.20
AL035419.10
AL133519.28
AL031657.5
AL121889.8
AL023803.3
AL136990.15
AL035251.11
AL121588.24
AL031661.28
AL109611.8
AL132981.12
AL139163.16
AL118523.16
AL133419.15
AL009050.9
AL121828.17
AL031256.1
AL118521.16
AL049691.18
AL034552.23
AL035665.30
AL034431.14
AL050317.14
AL031660.16
AL035652.6
AL022394.3
AL031257.1
AL132654.15
AL031667.18
AL121674.12
AL031669.28
AL354812.7
AL133229.40
AL359984.5
AL031654.6
AL049812.14
AL024473.1
AL035459.6
Z93942.1
AL022239.1
AL109826.25
AL035666.7
AL031656.10
AL136461.10
AL121763.25
AL031676.3
AL117374.39
AL359695.6
AL021395.16
AL138806.7
AL031681.14
Z98752.14
AL121886.22
AL161944.22
AL035089.21
AL353797.5
AL121587.17
AL034419.20
AL035447.4
AL035462.19
AL117382.28
AL132772.14
Z97053.2
AL139352.16
AL118522.32
AL008725.1
AL109839.11
Z93016.2
AL049767.10
AL035660.14
AL021578.2
AL031663.2
AL121778.10
AL031671.12
AL109656.10
AL050348.21
AL008726.3
AL162458.10
AL035662.65
AL031687.17
AL445286.12
AL133227.15
AL031686.2
AL354745.11
AL034424.9
AL133520.5
AL031055.1
AL359506.8
AL354766.17
AL121776.19
AL359434.15
AL390211.1
AL049540.11
AL390212.1
AL031666.4
AL109825.23
AL353777.18
AL021394.8
AL034418.3
AL354813.31
AL121777.39
Z95330.11
AL357558.6
AL139351.37
AL136102.10
AL133341.12
AL121888.20
AL137078.20
AL049541.24
AL445192.3
AL035106.26
AL133342.14
AL049537.48
AL121903.13
AL133174.15
AL357560.11
AL049766.14
AL121786.10
AL035685.21
AL118525.17
AL035683.9
AL162615.13
AL031685.16
AL121712.27
AL034423.19
AL161937.13
AL354889.14
AL034429.1
AL133230.25
AL353653.19
AL031680.18
AL133228.18
AL034553.12
AL050404.3
AL121785.48
AL121915.6
AL035457.13
AL079339.11
AL035682.16
AL132866.29
AL035684.25
AL138807.12
AL353799.14
AL034420.16
AL356354.10
AL035072.16
AL109984.14
AL121771.17
AL121923.7
AL035686.13
AL109977.7
AL109610.7
AL049765.16
AL049736.10
AL031674.1
AL161945.31
AL121902.13
AL050316.15
AL391097.13
AC004505.1
AL354772.4
AL109930.8
AL354993.24
AL157838.24
AC005808.1
AC005914.1
AC006076.1
AC004762.1
AC005220.1
AC004501.1
AL354801.5
AL138805.8
AL133335.29
AL389883.9
AL121922.16
AL442131.2
AL162292.20
AL118501.22
AL035667.12
AL133420.28
AL138809.18
AL162294.8
AL121593.10
AL158015.9
AL035663.18
AL161801.11
AL121826.11
AL160413.7
AL356388.9
AL109829.21
AL109828.22
AL121591.3
AL353640.7
AL117383.19
AL139824.22
AL359534.10
AL121914.31
AL109806.22
AL137162.25
AL121920.21
AL133232.15
AL161657.22
AL117380.28
AL157414.19
AL122058.19
AL135939.12
AL109955.37
AL160176.3
AL035541.13
AL161943.11
AL121913.4
AL162291.14
AL354984.17
AL354776.15
AL354834.17
AL035455.30
AL118513.17
AL050327.6
AL139349.36
AL132655.13
AL121917.20
AL109840.24
AL136532.22
AL121919.20
AL035250.18
AL160410.24
AL389889.11
AL121908.16
AL357503.12
AL158092.30
AL109928.33
AL353677.8
AL132822.15
AL035070.3
AL121918.26
AL136143.9
AL358237.13
AL161940.6
AL117372.35
AL139348.3
AL050326.3
AL121910.26
AL121887.24
AL365229.13
AL450463.20
AL391316.7
AL160412.14
AL079336.27
AL162457.11
AL365401.20
AL109911.47
AL137077.31
AL078633.32
AL354836.13
AL121832.56
AL499627.23
AL449263.5
AL450469.11
AL357033.19
AL035669.43
AL117379.14
AL121673.41
AL096828.29
AL121827.33
AL353658.33
AL121829.30
AL121907.28
AL353715.21
AL121845.20
AL158091.31
AL118506.27
AL356790.22
AL355803.15
AL121581.41
AL137028.9
AL163201.2
AL163202.2
AL163203.2
AL163204.2
AP001660.1
AL163206.2
AL163207.2
AL163208.2
AL163209.2
AL163210.2
AP001666.1
AP001667.1
AL163213.2
AP001669.1
AP001670.1
AP001671.1
AL163217.2
AL163218.2
AP001674.1
AP001675.1
AP001676.1
AP001677.1
AP001678.1
AP001679.1
AP001680.1
AP001681.1
AL163227.2
AP001683.1
AP001684.1
AP001685.1
AP001686.1
AP001687.1
AP001688.1
AP001689.1
AP001690.1
AP001691.1
AP001692.1
AP001693.1
AP001694.1
AP001695.1
AP001696.1
AP001697.1
AP001698.1
AP001699.1
AP001700.1
AL163246.2
AL163247.2
AL163248.2
AL163249.2
AP001705.1
AP001706.1
AP001707.1
AP001708.1
AP001709.1
AP001710.1
AP001711.1
AP001712.1
AP001713.1
AP001714.1
AP001715.1
AP001716.1
AP001717.1
AP001718.1
AP001719.1
AP001720.1
AP001721.1
AL163267.2
AL163268.2
AP001724.1
AP001725.1
AP001726.1
AP001727.1
AP001728.1
AP001729.1
AP001730.1
AP001731.1
AP001732.1
AL163278.2
AL163279.2
AL163280.2
AL163281.2
AL163282.2
AL163283.2
AL163284.2
AL163285.2
AP001741.1
AP001743.1
AP001745.1
AP001746.1
AP001747.1
AP001748.1
AP001749.1
AP001751.1
AP001752.1
AP001753.1
AP001754.1
AL163300.2
AL163301.2
AL163302.2
AL163303.2
AP001759.1
AP001760.1
AP001761.1
AP000522.1
AP000523.1
AP000524.1
AP000525.1
AP000526.1
AP000527.1
AP000528.1
AP000529.1
AP000530.1
AP000531.1
AP000532.1
AP000533.1
AP000534.1
AP000535.1
AP000536.1
AP000537.1
AP000538.1
AP000539.1
AP000540.2
AP000541.1
AP000542.1
AP000543.1
AP000544.1
AP000545.1
AP000546.1
AP000547.1
AP000365.1
AC005301.22
AC007064.27
AC006548.20
AC006946.20
AC005300.10
AC005399.19
AC004019.20
AC007666.12
AC006285.11
AC016026.13
AC016027.15
AC008101.15
AC008079.23
AC008132.34
AC008103.27
AC007326.28
AC000095.3
AC004461.3
AC004462.3
AC004471.2
AC004463.2
L77569.1
AC000081.2
AC000094.3
AC000085.5
AC000092.1
AC000079.1
AC000068.2
AC000087.2
AC000088.2
AC000082.4
AC000070.2
AC000086.1
AC000077.2
AC002475.2
AC000067.2
AC000093.3
AC000091.1
AC000089.1
AC000076.2
AC000078.2
AC000090.2
AC000080.2
AC005663.2
AC006547.9
AC007663.29
AC007731.14
AC005500.2
AC004033.3
AC007050.25
AC007308.13
AC002470.17
AC002472.6
AP000550.1
AP000551.1
AP000552.1
AP000556.2
AP000557.2
AP000558.1
AP000553.1
AP000554.1
AP000555.1
D86995.1
D87019.1
D87012.1
D88268.1
D86993.1
D87004.2
D87022.1
D88271.2
D88269.2
D87000.2
D86996.1
D86989.2
D88270.2
D87003.1
D87018.1
D87016.2
D86999.1
D87010.1
D87009.1
D87011.2
D87013.1
D87014.1
D86991.1
D87002.1
D87006.1
D86994.1
D87007.1
D87015.2
D86998.1
D87021.1
D87024.1
D87020.1
D87023.1
D87017.2
AP000360.1
AP000361.1
AP000362.1
AC000029.17
AC000102.1
U07000.1
AP000343.1
AP000344.1
AP000345.1
AP000346.1
AP000347.1
AP000348.1
AP000349.1
AP000350.1
AP000351.3
AP000352.2
AP000353.2
AP000354.1
AP000355.1
AP000356.1
AP000357.1
AP000358.1
AP000359.1
AL049759.10
AL050312.8
AL022323.7
Z99916.1
AL022332.2
AL022324.1
AL008721.1
AL022329.9
AL080245.14
Z98949.1
AL079300.11
AL022337.19
AL080273.10
AL023513.1
AL078460.6
AL035044.1
Z99714.2
Z95115.1
Z99774.1
Z95889.1
Z97353.3
AL008638.1
AL021153.1
AL034386.2
AL020994.1
AL049536.5
AL050402.16
AL133456.1
AL133397.1
AL390209.1
AL133398.2
AL121885.22
AL390210.1
AL031591.19
AL033538.1
AL035453.4
AL050313.6
AL035397.4
AL023281.1
AL008722.16
AL080241.14
AL118497.9
AL121825.19
AL117330.6
AL023494.12
Z93930.10
AL031596.7
Z95113.2
AL021393.1
Z95116.1
AL031186.8
AC000026.3
AC002059.3
AC000041.2
AC000035.2
AC005529.7
AC004882.2
AC004819.1
AC003681.1
AC003071.1
AC002378.1
AC004264.1
AC004997.2
AC004832.3
AC005006.2
AC003072.1
AL079299.12
AL022336.1
AC004542.1
AC005233.2
AC005005.1
AC002073.1
AC005003.2
AL096702.10
AL096701.14
AL109802.6
AL096768.7
AL031255.1
AC005004.3
AL022331.1
Z82190.1
Z83856.1
Z82248.1
AL008719.1
Z74021.1
Z80998.1
Z83849.1
AL022321.1
Z83839.1
AL008723.8
AL021937.1
AL035068.3
Z71183.2
Z82181.2
Z80902.2
AL021452.20
Z82246.2
Z75744.2
Z81309.1
Z69714.1
Z72521.1
Z72520.2
Z73495.1
AL023282.1
Z73979.1
Z98256.1
AL031592.1
Z83846.1
Z82198.2
AL008630.1
Z82173.2
AL008715.1
AL023577.1
Z82179.3
Z73421.1
AL133451.1
Z69943.3
AL008640.1
Z70288.1
Z97354.1
Z69042.1
Z68287.1
Z76736.1
Z69713.2
Z68324.1
AL096754.1
Z49866.2
Z54073.2
Z77853.1
Z69715.2
Z73429.1
Z69925.2
Z68223.1
Z83852.1
Z82182.2
Z99704.1
Z74581.1
AL008641.1
Z69707.1
Z68285.2
AL022338.1
Z82250.1
AL008717.1
Z68323.2
Z68288.2
Z68325.1
Z69712.2
Z68754.1
Z68758.1
Z50860.1
AL020992.1
Z68224.1
AL049750.1
Z69907.2
AL031001.1
AL021877.1
Z82196.2
AL024495.1
Z82194.1
Z83853.2
AL024494.1
Z99755.1
AL031300.1
AL008635.1
Z82244.1
AL009049.1
AL022334.1
AL049747.1
Z79996.2
AL049748.2
AL079295.1
Z82217.1
Z95114.19
AL031426.1
Z82215.1
AL022302.10
AL022313.1
AL031845.6
Z70289.1
AL049749.2
Z80897.2
Z82184.1
Z82185.1
AL008637.1
AL133392.1
Z82180.19
Z73420.1
AL022314.1
Z82188.2
Z94160.1
AL049850.1
Z93096.1
AL049851.1
AL022315.1
AL109980.1
AL035496.6
Z83844.5
Z97630.11
AL022311.5
AL031587.3
AL022322.1
AL021977.10
AL020993.1
Z98749.11
Z97056.1
AL022320.23
AL035495.13
AL021707.2
AL021806.1
AL008583.1
AL022318.2
AL078641.2
AL031846.2
Z81010.2
AL031590.2
AL022326.1
Z83845.14
AL022312.7
AL008716.1
AL022319.2
AL022353.1
Z82206.1
Z83847.1
AL033547.7
AL031589.10
Z93783.6
AL022238.1
AL031594.9
Z86090.10
AL096703.14
AL049764.4
Z98048.1
AL035450.1
AL080242.11
AL080243.21
AL096765.12
AL035658.7
AL035681.13
AL035659.22
AL008582.11
AL023553.5
Z83840.7
AL023879.1
AL021453.1
Z99716.4
Z82192.1
AL021878.1
AL031346.8
Z83851.17
AL022316.2
AL035418.6
Z93241.11
Z82176.1
AL049757.14
AL049758.11
AL022476.2
AL022237.1
Z82214.23
Z99756.7
AL096761.1
Z82172.2
AL096759.1
AL049708.9
AL118498.9
AL031843.2
Z82201.1
AL023801.1
Z97055.1
AL023654.2
AL035398.19
Z82178.2
Z82174.2
AL033543.6
AL031595.4
AL022339.1
Z85994.1
Z81308.2
AL023973.1
Z75407.2
AL022317.1
AL022333.1
Z98743.1
Z93244.1
Z83838.2
AL079301.14
AL049760.26
Z82243.1
AL008718.23
AL021391.2
Z98047.1
Z95331.2
Z93784.1
Z84478.1
AL049811.3
AL049853.1
Z94161.5
AL049856.1
AL078611.1
AL031034.1
Z93024.1
AL031844.1
AL031588.1
AL031597.7
AL021392.5
AL096766.12
AL118516.10
AL078642.12
Z97351.1
Z82187.1
U51561.1
AL023576.1
Z80896.2
Z79999.2
AL023733.1
Z81000.2
AL096755.1
U51559.1
AL096756.1
Z82183.1
Z83836.2
Z82186.1
AL035069.5
Z84496.1
AL021306.1
Z80999.1
Z73416.2
AL033544.15
AL049568.7
Z80901.1
AC000034.2
Z83854.2
AL117329.8
AL121580.8
AL110122.1
Z73963.2
AL110121.1
Z70688.1
Z81002.2
Z80772.1
AL118553.1
Z78421.1
AL118554.1
AL050314.3
AL008720.1
Z72006.1
Z82249.1
AL078640.7
Z84468.1
AL096853.12
AL096843.11
Z83837.1
Z83855.2
AL078607.5
AL078613.10
AL078622.7
AL078632.6
AL049773.1
Z94162.1
AL049774.1
Z82202.1
Z82189.1
AL008636.1
AL031593.1
Z97192.2
AL023802.1
Z98885.1
AL117328.5
AL080240.7
AL022327.17
AL034546.5
AL022328.21
AL096767.14
Z94802.1
U62317.2
Z82168.1
Z82245.1
AC000050.20
AC000036.5
AC002056.1
AC002055.2
