cd hg/lib && make
cd lib && make
make[1]: Entering directory `/cluster/home/kate/kent/src/hg/lib'
gcc -O -g  -Wall -Werror -Wformat -Wimplicit -Wreturn-type -Wuninitialized    -D_FILE_OFFSET_BITS=64 -D_LARGEFILE_SOURCE -D_GNU_SOURCE -DMACHTYPE_x86_64 -DUSE_SSL -DCOLOR32 -DUSE_BAM -DKNETFILE_HOOKS -DUSE_TABIX -DKNETFILE_HOOKS -Wall -Werror -Wformat -Wimplicit -Wreturn-type -Wuninitialized -I../inc -I../../inc -I../../../inc -I../../../../inc -I../../../../../inc  -I/hive/data/outside/samtools/svn_x86_64/samtools -I/hive/data/outside/tabix/tabix-0.2.3/x86_64 -I/usr/include/mysql -o hui.o -c hui.c
gcc -O -g  -Wall -Werror -Wformat -Wimplicit -Wreturn-type -Wuninitialized    -D_FILE_OFFSET_BITS=64 -D_LARGEFILE_SOURCE -D_GNU_SOURCE -DMACHTYPE_x86_64 -DUSE_SSL -DCOLOR32 -DUSE_BAM -DKNETFILE_HOOKS -DUSE_TABIX -DKNETFILE_HOOKS -Wall -Werror -Wformat -Wimplicit -Wreturn-type -Wuninitialized -I../inc -I../../inc -I../../../inc -I../../../../inc -I../../../../../inc  -I/hive/data/outside/samtools/svn_x86_64/samtools -I/hive/data/outside/tabix/tabix-0.2.3/x86_64 -I/usr/include/mysql -o tfbsCons.o -c tfbsCons.c
make[1]: Entering directory `/cluster/home/kate/kent/src/lib'
make[1]: `x86_64/jkweb.a' is up to date.
make[1]: Leaving directory `/cluster/home/kate/kent/src/lib'
gcc -O -g  -Wall -Werror -Wformat -Wimplicit -Wreturn-type -Wuninitialized    -D_FILE_OFFSET_BITS=64 -D_LARGEFILE_SOURCE -D_GNU_SOURCE -DMACHTYPE_x86_64 -DUSE_SSL -DCOLOR32 -DUSE_BAM -DKNETFILE_HOOKS -DUSE_TABIX -DKNETFILE_HOOKS -Wall -Werror -Wformat -Wimplicit -Wreturn-type -Wuninitialized -I../inc -I../../inc -I../../../inc -I../../../../inc -I../../../../../inc  -I/hive/data/outside/samtools/svn_x86_64/samtools -I/hive/data/outside/tabix/tabix-0.2.3/x86_64 -I/usr/include/mysql -o tfbsConsSites.o -c tfbsConsSites.c
gcc -O -g  -Wall -Werror -Wformat -Wimplicit -Wreturn-type -Wuninitialized    -D_FILE_OFFSET_BITS=64 -D_LARGEFILE_SOURCE -D_GNU_SOURCE -DMACHTYPE_x86_64 -DUSE_SSL -DCOLOR32 -DUSE_BAM -DKNETFILE_HOOKS -DUSE_TABIX -DKNETFILE_HOOKS -Wall -Werror -Wformat -Wimplicit -Wreturn-type -Wuninitialized -I../inc -I../../inc -I../../../inc -I../../../../inc -I../../../../../inc  -I/hive/data/outside/samtools/svn_x86_64/samtools -I/hive/data/outside/tabix/tabix-0.2.3/x86_64 -I/usr/include/mysql -o tableDescriptions.o -c tableDescriptions.c
gcc -O -g  -Wall -Werror -Wformat -Wimplicit -Wreturn-type -Wuninitialized    -D_FILE_OFFSET_BITS=64 -D_LARGEFILE_SOURCE -D_GNU_SOURCE -DMACHTYPE_x86_64 -DUSE_SSL -DCOLOR32 -DUSE_BAM -DKNETFILE_HOOKS -DUSE_TABIX -DKNETFILE_HOOKS -Wall -Werror -Wformat -Wimplicit -Wreturn-type -Wuninitialized -I../inc -I../../inc -I../../../inc -I../../../../inc -I../../../../../inc  -I/hive/data/outside/samtools/svn_x86_64/samtools -I/hive/data/outside/tabix/tabix-0.2.3/x86_64 -I/usr/include/mysql -o tableStatus.o -c tableStatus.c
gcc -O -g  -Wall -Werror -Wformat -Wimplicit -Wreturn-type -Wuninitialized    -D_FILE_OFFSET_BITS=64 -D_LARGEFILE_SOURCE -D_GNU_SOURCE -DMACHTYPE_x86_64 -DUSE_SSL -DCOLOR32 -DUSE_BAM -DKNETFILE_HOOKS -DUSE_TABIX -DKNETFILE_HOOKS -Wall -Werror -Wformat -Wimplicit -Wreturn-type -Wuninitialized -I../inc -I../../inc -I../../../inc -I../../../../inc -I../../../../../inc  -I/hive/data/outside/samtools/svn_x86_64/samtools -I/hive/data/outside/tabix/tabix-0.2.3/x86_64 -I/usr/include/mysql -o targetDb.o -c targetDb.c
hui.c: In function 'extraUiLinks':
cd jkOwnLib && make
hui.c:285: error: expected expression before '}' token
cc1: warnings being treated as errors
hui.c:285: warning: too few arguments for format
hui.c:285: error: expected ';' before '}' token
gcc -O -g  -Wall -Werror -Wformat -Wimplicit -Wreturn-type -Wuninitialized    -D_FILE_OFFSET_BITS=64 -D_LARGEFILE_SOURCE -D_GNU_SOURCE -DMACHTYPE_x86_64 -DUSE_SSL -DCOLOR32 -DUSE_BAM -DKNETFILE_HOOKS -DUSE_TABIX -DKNETFILE_HOOKS -Wall -Werror -Wformat -Wimplicit -Wreturn-type -Wuninitialized -I../inc -I../../inc -I../../../inc -I../../../../inc -I../../../../../inc  -I/hive/data/outside/samtools/svn_x86_64/samtools -I/hive/data/outside/tabix/tabix-0.2.3/x86_64 -I/usr/include/mysql -o taxonDivision.o -c taxonDivision.c
gcc -O -g  -Wall -Werror -Wformat -Wimplicit -Wreturn-type -Wuninitialized    -D_FILE_OFFSET_BITS=64 -D_LARGEFILE_SOURCE -D_GNU_SOURCE -DMACHTYPE_x86_64 -DUSE_SSL -DCOLOR32 -DUSE_BAM -DKNETFILE_HOOKS -DUSE_TABIX -DKNETFILE_HOOKS -Wall -Werror -Wformat -Wimplicit -Wreturn-type -Wuninitialized -I../inc -I../../inc -I../../../inc -I../../../../inc -I../../../../../inc  -I/hive/data/outside/samtools/svn_x86_64/samtools -I/hive/data/outside/tabix/tabix-0.2.3/x86_64 -I/usr/include/mysql -o taxonGeneticCode.o -c taxonGeneticCode.c
gcc -O -g  -Wall -Werror -Wformat -Wimplicit -Wreturn-type -Wuninitialized    -D_FILE_OFFSET_BITS=64 -D_LARGEFILE_SOURCE -D_GNU_SOURCE -DMACHTYPE_x86_64 -DUSE_SSL -DCOLOR32 -DUSE_BAM -DKNETFILE_HOOKS -DUSE_TABIX -DKNETFILE_HOOKS -Wall -Werror -Wformat -Wimplicit -Wreturn-type -Wuninitialized -I../inc -I../../inc -I../../../inc -I../../../../inc -I../../../../../inc  -I/hive/data/outside/samtools/svn_x86_64/samtools -I/hive/data/outside/tabix/tabix-0.2.3/x86_64 -I/usr/include/mysql -o taxonName.o -c taxonName.c
gcc -O -g  -Wall -Werror -Wformat -Wimplicit -Wreturn-type -Wuninitialized    -D_FILE_OFFSET_BITS=64 -D_LARGEFILE_SOURCE -D_GNU_SOURCE -DMACHTYPE_x86_64 -DUSE_SSL -DCOLOR32 -DUSE_BAM -DKNETFILE_HOOKS -DUSE_TABIX -DKNETFILE_HOOKS -Wall -Werror -Wformat -Wimplicit -Wreturn-type -Wuninitialized -I../inc -I../../inc -I../../../inc -I../../../../inc -I../../../../../inc  -I/hive/data/outside/samtools/svn_x86_64/samtools -I/hive/data/outside/tabix/tabix-0.2.3/x86_64 -I/usr/include/mysql -o taxonNode.o -c taxonNode.c
hui.c:1048: error: invalid storage class for function 'baseColorGotSequence'gcc -O -g  -Wall -Werror -Wformat -Wimplicit -Wreturn-type -Wuninitialized    -D_FILE_OFFSET_BITS=64 -D_LARGEFILE_SOURCE -D_GNU_SOURCE -DMACHTYPE_x86_64 -DUSE_SSL -DCOLOR32 -DUSE_BAM -DKNETFILE_HOOKS -DUSE_TABIX -DKNETFILE_HOOKS -Wall -Werror -Wformat -Wimplicit -Wreturn-type -Wuninitialized -I../inc -I../../inc -I../../../inc -I../../../../inc -I../../../../../inc  -I/hive/data/outside/samtools/svn_x86_64/samtools -I/hive/data/outside/tabix/tabix-0.2.3/x86_64 -I/usr/include/mysql -o taxonXref.o -c taxonXref.c
hui.c:1069: error: invalid storage class for function 'baseColorDropLists'
gcc -O -g  -Wall -Werror -Wformat -Wimplicit -Wreturn-type -Wuninitialized    -D_FILE_OFFSET_BITS=64 -D_LARGEFILE_SOURCE -D_GNU_SOURCE -DMACHTYPE_x86_64 -DUSE_SSL -DCOLOR32 -DUSE_BAM -DKNETFILE_HOOKS -DUSE_TABIX -DKNETFILE_HOOKS -Wall -Werror -Wformat -Wimplicit -Wreturn-type -Wuninitialized -I../inc -I../../inc -I../../../inc -I../../../../inc -I../../../../../inc  -I/hive/data/outside/samtools/svn_x86_64/samtools -I/hive/data/outside/tabix/tabix-0.2.3/x86_64 -I/usr/include/mysql -o tigrOperon.o -c tigrOperon.c
hui.c:1153: error: invalid storage class for function 'indelAppropriate'
gcc -O -g  -Wall -Werror -Wformat -Wimplicit -Wreturn-type -Wuninitialized    -D_FILE_OFFSET_BITS=64 -D_LARGEFILE_SOURCE -D_GNU_SOURCE -DMACHTYPE_x86_64 -DUSE_SSL -DCOLOR32 -DUSE_BAM -DKNETFILE_HOOKS -DUSE_TABIX -DKNETFILE_HOOKS -Wall -Werror -Wformat -Wimplicit -Wreturn-type -Wuninitialized -I../inc -I../../inc -I../../../inc -I../../../../inc -I../../../../../inc  -I/hive/data/outside/samtools/svn_x86_64/samtools -I/hive/data/outside/tabix/tabix-0.2.3/x86_64 -I/usr/include/mysql -o tilingPath.o -c tilingPath.c
gcc -O -g  -Wall -Werror -Wformat -Wimplicit -Wreturn-type -Wuninitialized    -D_FILE_OFFSET_BITS=64 -D_LARGEFILE_SOURCE -D_GNU_SOURCE -DMACHTYPE_x86_64 -DUSE_SSL -DCOLOR32 -DUSE_BAM -DKNETFILE_HOOKS -DUSE_TABIX -DKNETFILE_HOOKS -Wall -Werror -Wformat -Wimplicit -Wreturn-type -Wuninitialized -I../inc -I../../inc -I../../../inc -I../../../../inc -I../../../../../inc  -I/hive/data/outside/samtools/svn_x86_64/samtools -I/hive/data/outside/tabix/tabix-0.2.3/x86_64 -I/usr/include/mysql -o traceInfo.o -c traceInfo.c
make[1]: Entering directory `/cluster/home/kate/kent/src/jkOwnLib'
make[1]: `../lib/x86_64/jkOwnLib.a' is up to date.
make[1]: Leaving directory `/cluster/home/kate/kent/src/jkOwnLib'
hui.c:2031: error: invalid storage class for function 'parseAssignment'
hui.c:2045: error: invalid storage class for function 'getPrimaryType'
hui.c:2074: error: invalid storage class for function 'labelRoot'
hui.c:2100: error: invalid storage class for function 'dividersSettingGet'
hui.c:2114: error: invalid storage class for function 'dividersFree'
hui.c:2133: error: invalid storage class for function 'hierarchySettingGet'
hui.c:2169: error: invalid storage class for function 'hierarchyFree'
hui.c:2258: error: invalid storage class for function 'dimensionSettingsGet'
hui.c:2294: error: invalid storage class for function 'dimensionsFree'
hui.c:2387: error: invalid storage class for function 'subgroupMembersGet'
gcc -O -g  -Wall -Werror -Wformat -Wimplicit -Wreturn-type -Wuninitialized    -D_FILE_OFFSET_BITS=64 -D_LARGEFILE_SOURCE -D_GNU_SOURCE -DMACHTYPE_x86_64 -DUSE_SSL -DCOLOR32 -DUSE_BAM -DKNETFILE_HOOKS -DUSE_TABIX -DKNETFILE_HOOKS -Wall -Werror -Wformat -Wimplicit -Wreturn-type -Wuninitialized -I../inc -I../../inc -I../../../inc -I../../../../inc -I../../../../../inc  -I/hive/data/outside/samtools/svn_x86_64/samtools -I/hive/data/outside/tabix/tabix-0.2.3/x86_64 -I/usr/include/mysql -o trackLayout.o -c trackLayout.c
hui.c:2447: error: invalid storage class for function 'membersSubGroupIx'
hui.c:2460: error: invalid storage class for function 'subgroupMembersFree'
hui.c:2475: error: invalid storage class for function 'subgroupMembersWeedOutEmpties'
gcc -O -g  -Wall -Werror -Wformat -Wimplicit -Wreturn-type -Wuninitialized    -D_FILE_OFFSET_BITS=64 -D_LARGEFILE_SOURCE -D_GNU_SOURCE -DMACHTYPE_x86_64 -DUSE_SSL -DCOLOR32 -DUSE_BAM -DKNETFILE_HOOKS -DUSE_TABIX -DKNETFILE_HOOKS -Wall -Werror -Wformat -Wimplicit -Wreturn-type -Wuninitialized -I../inc -I../../inc -I../../../inc -I../../../../inc -I../../../../../inc  -I/hive/data/outside/samtools/svn_x86_64/samtools -I/hive/data/outside/tabix/tabix-0.2.3/x86_64 -I/usr/include/mysql -o trackTable.o -c trackTable.c
hui.c:2565: error: invalid storage class for function 'abcMembersChecked'
hui.c:2613: error: invalid storage class for function 'membersForAllSubGroupsWeedOutEmpties'
hui.c:2652: error: invalid storage class for function 'membersForAllSubGroupsGet'
hui.c:2737: error: invalid storage class for function 'membersForAllFindSubGroupIx'
hui.c:2761: error: invalid storage class for function 'membersForAllSubGroupsFree'
hui.c:2812: error: invalid storage class for function 'subgroupMembershipGet'
hui.c:2864: error: invalid storage class for function 'membershipInAllCurrentABCs'
gcc -O -g  -Wall -Werror -Wformat -Wimplicit -Wreturn-type -Wuninitialized    -D_FILE_OFFSET_BITS=64 -D_LARGEFILE_SOURCE -D_GNU_SOURCE -DMACHTYPE_x86_64 -DUSE_SSL -DCOLOR32 -DUSE_BAM -DKNETFILE_HOOKS -DUSE_TABIX -DKNETFILE_HOOKS -Wall -Werror -Wformat -Wimplicit -Wreturn-type -Wuninitialized -I../inc -I../../inc -I../../../inc -I../../../../inc -I../../../../../inc  -I/hive/data/outside/samtools/svn_x86_64/samtools -I/hive/data/outside/tabix/tabix-0.2.3/x86_64 -I/usr/include/mysql -o trashDir.o -c trashDir.c
gcc -O -g  -Wall -Werror -Wformat -Wimplicit -Wreturn-type -Wuninitialized    -D_FILE_OFFSET_BITS=64 -D_LARGEFILE_SOURCE -D_GNU_SOURCE -DMACHTYPE_x86_64 -DUSE_SSL -DCOLOR32 -DUSE_BAM -DKNETFILE_HOOKS -DUSE_TABIX -DKNETFILE_HOOKS -Wall -Werror -Wformat -Wimplicit -Wreturn-type -Wuninitialized -I../inc -I../../inc -I../../../inc -I../../../../inc -I../../../../../inc  -I/hive/data/outside/samtools/svn_x86_64/samtools -I/hive/data/outside/tabix/tabix-0.2.3/x86_64 -I/usr/include/mysql -o transRegCode.o -c transRegCode.c
hui.c:3151: error: invalid storage class for function 'sortableTdbItemsCmp'
gcc -O -g  -Wall -Werror -Wformat -Wimplicit -Wreturn-type -Wuninitialized    -D_FILE_OFFSET_BITS=64 -D_LARGEFILE_SOURCE -D_GNU_SOURCE -DMACHTYPE_x86_64 -DUSE_SSL -DCOLOR32 -DUSE_BAM -DKNETFILE_HOOKS -DUSE_TABIX -DKNETFILE_HOOKS -Wall -Werror -Wformat -Wimplicit -Wreturn-type -Wuninitialized -I../inc -I../../inc -I../../../inc -I../../../../inc -I../../../../../inc  -I/hive/data/outside/samtools/svn_x86_64/samtools -I/hive/data/outside/tabix/tabix-0.2.3/x86_64 -I/usr/include/mysql -o transRegCodeCondition.o -c transRegCodeCondition.c
gcc -O -g  -Wall -Werror -Wformat -Wimplicit -Wreturn-type -Wuninitialized    -D_FILE_OFFSET_BITS=64 -D_LARGEFILE_SOURCE -D_GNU_SOURCE -DMACHTYPE_x86_64 -DUSE_SSL -DCOLOR32 -DUSE_BAM -DKNETFILE_HOOKS -DUSE_TABIX -DKNETFILE_HOOKS -Wall -Werror -Wformat -Wimplicit -Wreturn-type -Wuninitialized -I../inc -I../../inc -I../../../inc -I../../../../inc -I../../../../../inc  -I/hive/data/outside/samtools/svn_x86_64/samtools -I/hive/data/outside/tabix/tabix-0.2.3/x86_64 -I/usr/include/mysql -o transRegCodeProbe.o -c transRegCodeProbe.c
gcc -O -g  -Wall -Werror -Wformat -Wimplicit -Wreturn-type -Wuninitialized    -D_FILE_OFFSET_BITS=64 -D_LARGEFILE_SOURCE -D_GNU_SOURCE -DMACHTYPE_x86_64 -DUSE_SSL -DCOLOR32 -DUSE_BAM -DKNETFILE_HOOKS -DUSE_TABIX -DKNETFILE_HOOKS -Wall -Werror -Wformat -Wimplicit -Wreturn-type -Wuninitialized -I../inc -I../../inc -I../../../inc -I../../../../inc -I../../../../../inc  -I/hive/data/outside/samtools/svn_x86_64/samtools -I/hive/data/outside/tabix/tabix-0.2.3/x86_64 -I/usr/include/mysql -o txCluster.o -c txCluster.c
hui.c:3386: error: invalid storage class for function 'filterByClauseStd'
hui.c:3576: error: invalid storage class for function 'checkBoxIdMakeForTrack'
hui.c:3604: error: invalid storage class for function 'checkBoxIdFree'
hui.c:3611: error: invalid storage class for function 'divisionIfNeeded'
gcc -O -g  -Wall -Werror -Wformat -Wimplicit -Wreturn-type -Wuninitialized    -D_FILE_OFFSET_BITS=64 -D_LARGEFILE_SOURCE -D_GNU_SOURCE -DMACHTYPE_x86_64 -DUSE_SSL -DCOLOR32 -DUSE_BAM -DKNETFILE_HOOKS -DUSE_TABIX -DKNETFILE_HOOKS -Wall -Werror -Wformat -Wimplicit -Wreturn-type -Wuninitialized -I../inc -I../../inc -I../../../inc -I../../../../inc -I../../../../../inc  -I/hive/data/outside/samtools/svn_x86_64/samtools -I/hive/data/outside/tabix/tabix-0.2.3/x86_64 -I/usr/include/mysql -o txEdgeBed.o -c txEdgeBed.c
hui.c:3640: error: invalid storage class for function 'indentIfNeeded'
gcc -O -g  -Wall -Werror -Wformat -Wimplicit -Wreturn-type -Wuninitialized    -D_FILE_OFFSET_BITS=64 -D_LARGEFILE_SOURCE -D_GNU_SOURCE -DMACHTYPE_x86_64 -DUSE_SSL -DCOLOR32 -DUSE_BAM -DKNETFILE_HOOKS -DUSE_TABIX -DKNETFILE_HOOKS -Wall -Werror -Wformat -Wimplicit -Wreturn-type -Wuninitialized -I../inc -I../../inc -I../../../inc -I../../../../inc -I../../../../../inc  -I/hive/data/outside/samtools/svn_x86_64/samtools -I/hive/data/outside/tabix/tabix-0.2.3/x86_64 -I/usr/include/mysql -o txEdgeOrtho.o -c txEdgeOrtho.c
hui.c:3792: error: invalid storage class for function 'cfgLinkToDependentCfgs'
hui.c:3804: error: invalid storage class for function 'compositeUiSubtracks'
gcc -O -g  -Wall -Werror -Wformat -Wimplicit -Wreturn-type -Wuninitialized    -D_FILE_OFFSET_BITS=64 -D_LARGEFILE_SOURCE -D_GNU_SOURCE -DMACHTYPE_x86_64 -DUSE_SSL -DCOLOR32 -DUSE_BAM -DKNETFILE_HOOKS -DUSE_TABIX -DKNETFILE_HOOKS -Wall -Werror -Wformat -Wimplicit -Wreturn-type -Wuninitialized -I../inc -I../../inc -I../../../inc -I../../../../inc -I../../../../../inc  -I/hive/data/outside/samtools/svn_x86_64/samtools -I/hive/data/outside/tabix/tabix-0.2.3/x86_64 -I/usr/include/mysql -o txGraph.o -c txGraph.c
gcc -O -g  -Wall -Werror -Wformat -Wimplicit -Wreturn-type -Wuninitialized    -D_FILE_OFFSET_BITS=64 -D_LARGEFILE_SOURCE -D_GNU_SOURCE -DMACHTYPE_x86_64 -DUSE_SSL -DCOLOR32 -DUSE_BAM -DKNETFILE_HOOKS -DUSE_TABIX -DKNETFILE_HOOKS -Wall -Werror -Wformat -Wimplicit -Wreturn-type -Wuninitialized -I../inc -I../../inc -I../../../inc -I../../../../inc -I../../../../../inc  -I/hive/data/outside/samtools/svn_x86_64/samtools -I/hive/data/outside/tabix/tabix-0.2.3/x86_64 -I/usr/include/mysql -o txInfo.o -c txInfo.c
hui.c:4212: error: invalid storage class for function 'compositeUiSubtracksMatchingPrimary'
hui.c:4264: error: invalid storage class for function 'makeAddClearSubmitTweak'
hui.c:4278: error: invalid storage class for function 'cfgBeginBoxAndTitle'
hui.c:4304: error: invalid storage class for function 'cfgEndBox'
gcc -O -g  -Wall -Werror -Wformat -Wimplicit -Wreturn-type -Wuninitialized    -D_FILE_OFFSET_BITS=64 -D_LARGEFILE_SOURCE -D_GNU_SOURCE -DMACHTYPE_x86_64 -DUSE_SSL -DCOLOR32 -DUSE_BAM -DKNETFILE_HOOKS -DUSE_TABIX -DKNETFILE_HOOKS -Wall -Werror -Wformat -Wimplicit -Wreturn-type -Wuninitialized -I../inc -I../../inc -I../../../inc -I../../../../inc -I../../../../../inc  -I/hive/data/outside/samtools/svn_x86_64/samtools -I/hive/data/outside/tabix/tabix-0.2.3/x86_64 -I/usr/include/mysql -o ucscRetroInfo.o -c ucscRetroInfo.c

hui.c:4562: error: invalid storage class for function 'getScoreLimitsFromTdb'
gcc -O -g  -Wall -Werror -Wformat -Wimplicit -Wreturn-type -Wuninitialized    -D
gcc -O -g  -Wall -Werror -Wformat -Wimplicit -Wreturn-type -Wuninitialized    -D_F
gcc -O -g  -Wall -Werror -Wformat -Wimplicit -Wreturn-type -Wuninitialized    -D_FILE_OFFSET_BITS=64 -D_LARGEFILE_SOURCE -D_GNU_SOURCE -DMACHTYPE_x86_64 -DUSE_SSL -DCOLOR32 -DUSE_BAM -DKNETFILE_HOOKS -DUSE_TABIX -DKNETFILE_HOOKS -Wall -Werror -Wformat -Wimplicit -Wreturn-type -Wuninitialized -I../inc -I../../inc -I../../../inc -I../../../../inc -I../../../../../inc  -I/hive/data/outside/samtools/svn_x86_64/samtools -I/hive/data/outside/tabix/tabix-0.2.3/x86_64 -I/usr/include/mysql -o vegaInfo.o -c vegaInfo.c
gcc -O -g  -Wall -Werror -Wformat -Wimplicit -Wreturn-type -Wuninitialized    -D_FILE_OFFSET_BITS=64 -D_LARGEFILE_SOURCE -D_GNU_SOURCE -DMACHTYPE_x86_64 -DUSE_SSL -DCOLOR32 -DUSE_BAM -DKNETFILE_HOOKS -DUSE_TABIX -DKNETFILE_HOOKS -Wall -Werror -Wformat -Wimplicit -Wreturn-type -Wuninitialized -I../inc -I../../inc -I../../../inc -I../../../../inc -I../../../../../inc  -I/hive/data/outside/samtools/svn_x86_64/samtools -I/hive/data/outside/tabix/tabix-0.2.3/x86_64 -I/usr/include/mysql -o vegaInfoZfish.o -c vegaInfoZfish.c
hui.c:5357: error: invalid storage class for function 'isSpeciesOn'
alized    -D_FILE_OFFSET_BITS=64 -D_LARGEFILE_SOURCE -D_GNU_SOURCE -DMACHTYPE_x86_64 -DUSE_SSL -DCOLOR32 -DUSE_BAM -DKNETFILE_HOOKS -DUSE_TABIX -DKNETFILE_HOOKS -Wall -Werror -Wformat -Wimplicit -Wreturn-type -Wuninitialized -I../inc -I../../inc -I../../../inc -I../../../../inc -I../../../../../inc  -I/hive/data/outside/samtools/svn_x86_64/samtools -I/hive/data/outside/tabix/tabix-0.2.3/x86_64 -I/usr/include/mysql -o visiGene.o -c visiGene.c
gcc -O -g  -Wall -Werror -Wformat -Wimplicit -Wreturn-type -Wuninitialized    -D_FILE_OFFSET_BITS=64 -D_LARGEFILE_SOURCE -D_GNU_SOURCE -DMACHTYPE_x86_64 -DUSE_SSL -DCOLOR32 -DUSE_BAM -DKNETFILE_HOOKS -DUSE_TABIX -DKNETFILE_HOOKS -Wall -Werror -Wformat -Wimplicit -Wreturn-type -Wuninitialized -I../inc -I../../inc -I../../../inc -I../../../../inc -I../../../../../inc  -I/hive/data/outside/samtools/svn_x86_64/samtools -I/hive/data/outside/tabix/tabix-0.2.3/x86_64 -I/usr/include/mysql -o vntr.o -c vntr.c
gcc -O -g  -Wall -Werror -Wformat -Wimplicit -Wreturn-type -Wuninitialized    -D_FILE_OFFSET_BITS=64 -D_LARGEFILE_SOURCE -D_GNU_SOURCE -DMACHTYPE_x86_64 -DUSE_SSL -DCOLOR32 -DUSE_BAM -DKNETFILE_HOOKS -DUSE_TABIX -DKNETFILE_HOOKS -Wall -Werror -Wformat -Wimplicit -Wreturn-type -Wuninitialized -I../inc -I../../inc -I../../../inc -I../../../../inc -I../../../../../inc  -I/hive/data/outside/samtools/svn_x86_64/samtools -I/hive/data/outside/tabix/tabix-0.2.3/x86_64 -I/usr/include/mysql -o wabAli.o -c wabAli.c
hui.c:5947: error: invalid storage class for function 'compositeViewCfgExpandedByDefault'
gcc -O -g  -Wall -Werror -Wformat -Wimplicit -Wreturn-type -Wuninitialized    -D_FILE_OFFSET_BITS=64 -D_LARGEFILE_SOURCE -D_GNU_SOURCE -DMACHTYPE_x86_64 -DUSE_SSL -DCOLOR32 -DUSE_BAM -DKNETFILE_HOOKS -DUSE_TABIX -DKNETFILE_HOOKS -Wall -Werror -Wformat -Wimplicit -Wreturn-type -Wuninitialized -I../inc -I../../inc -I../../../inc -I../../../../inc -I../../../../../inc  -I/hive/data/outside/samtools/svn_x86_64/samtools -I/hive/data/outside/tabix/tabix-0.2.3/x86_64 -I/usr/include/mysql -o ncRna.o -c ncRna.c
hui.c:6147: error: invalid storage class for function 'buttonsForAll'
hui.c:6152: error: invalid storage class for function 'buttonsForOne'
gcc -O -g  -Wall -Werror -Wformat -Wimplicit -Wreturn-type -Wuninitialized 
hui.c:6217: error: invalid storage class for function 'matrixXheadingsRow2'
gcc -O -g  -Wall -Werror -Wformat -Wimplicit -Wreturn-type -Wuninitialized    -D_FILE_OFFSET_BITS=64 -D_LARGEFILE_SOURCE -D_GNU_SOURCE -DMACHTYPE_x86_64 -DUSE_SSL -DCOLOR32 -DUSE_BAM -DKNETFILE_HOOKS -DUSE_TABIX -DKNETFILE_HOOKS -Wall -Werror -Wformat -Wimplicit -Wreturn-type -Wuninitialized -I../inc -I../../inc -I../../../inc -I../../../../inc -I../../../../../inc  -I/hive/data/outside/samtools/svn_x86_64/samtools -I/hive/data/outside/tabix/tabix-0.2.3/x86_64 -I/usr/include/mysql -o wigDataStream.o -c wigDataStream.c
hui.c:6247: error: invalid storage class for function 'matrixXheadings'
hui.c:6259: error: invalid storage class for function 'matrixYheadings'
hui.c:6292: error: invalid storage class for function 'displayABCdimensions'
gcc -O -g  -Wall -Werror -Wformat -Wimplicit -Wreturn-type -Wuninitialized    -D_FILE_OFFSET_BITS=64 -D_LARGEFILE_SOURCE -D_GNU_SOURCE -DMACHTYPE_x86_64 -DUSE_SSL -DCOLOR32 -DUSE_BAM -DKNETFILE_HOOKS -DUSE_TABIX -DKNETFILE_HOOKS -Wall -Werror -Wformat -Wimplicit -Wreturn-type -Wuninitialized -I../inc -I../../inc -I../../../inc -I../../../../inc -I../../../../../inc  -I/hive/data/outside/samtools/svn_x86_64/samtools -I/hive/data/outside/tabix/tabix-0.2.3/x86_64 -I/usr/include/mysql -o wiggle.o -c wiggle.c
hui.c:6349: error: invalid storage class for function 'labelWithVocabLinkForMultiples'
gcc -O -g  -Wall -Werror -Wformat -Wimplicit -Wreturn-type -Wuninitialized    -D_FILE_OFFSET_BITS=64 -D_LARGEFILE_SOURCE -D_GNU_SOURCE -DMACHTYPE_x86_64 -DUSE_SSL -DCOLOR32 -DUSE_BAM -DKNETFILE_HOOKS -DUSE_TABIX -DKNETFILE_HOOKS -Wall -Werror -Wformat -Wimplicit -Wreturn-type -Wuninitialized -I../inc -I../../inc -I../../../inc -I../../../../inc -I../../../../../inc  -I/hive/data/outside/samtools/svn_x86_64/samtools -I/hive/data/outside/tabix/tabix-0.2.3/x86_64 -I/usr/include/mysql -o wiggleCart.o -c wiggleCart.c
hui.c:6412: error: invalid storage class for function 'compositeUiByFilter'
hui.c:6493: error: invalid storage class for function 'compositeUiByMatrix'
gcc -O -g  -Wall -Werror -Wformat -Wimplicit -Wreturn-type -Wuninitialized    -D_FILE_OFFSET_BITS=64 -D_LARGEFILE_SOURCE -D_GNU_SOURCE -DMACHTYPE_x86_64 -DUSE_SSL -DCOLOR32 -DUSE_BAM -DKNETFILE_HOOKS -DUSE_TABIX -DKNETFILE_HOOKS -Wall -Werror -Wformat -Wimplicit -Wreturn-type -Wuninitialized -I../inc -I../../inc -I../../../inc -I../../../../inc -I../../../../../inc  -I/hive/data/outside/samtools/svn_x86_64/samtools -I/hive/data/outside/tabix/tabix-0.2.3/x86_64 -I/usr/include/mysql -o wiggleUtils.o -c wiggleUtils.c
hui.c:6694: error: invalid storage class for function 'compositeUiAllButtons'
hui.c:6714: error: invalid storage class for function 'compositeUiNoMatrix'
gcc -O -g  -Wall -Werror -Wformat -Wimplicit -Wreturn-type -Wuninitialized    -D_FILE_OFFSET_BITS=64 -D_LARGEFILE_SOURCE -D_GNU_SOURCE -DMACHTYPE_x86_64 -DUSE_SSL -DCOLOR32 -DUSE_BAM -DKNETFILE_HOOKS -DUSE_TABIX -DKNETFILE_HOOKS -Wall -Werror -Wformat -Wimplicit -Wreturn-type -Wuninitialized -I../inc -I../../inc -I../../../inc -I../../../../inc -I../../../../../inc  -I/hive/data/outside/samtools/svn_x86_64/samtools -I/hive/data/outside/tabix/tabix-0.2.3/x86_64 -I/usr/include/mysql -o wikiLink.o -c wikiLink.c
gcc -O -g  -Wall -Werror -Wformat -Wimplicit -Wreturn-type -Wuninitialized    -D_FILE_OFFSET_BITS=64 -D_LARGEFILE_SOURCE -D_GNU_SOURCE -DMACHTYPE_x86_64 -DUSE_SSL -DCOLOR32 -DUSE_BAM -DKNETFILE_HOOKS -DUSE_TABIX -DKNETFILE_HOOKS -Wall -Werror -Wformat -Wimplicit -Wreturn-type -Wuninitialized -I../inc -I../../inc -I../../../inc -I../../../../inc -I../../../../../inc  -I/hive/data/outside/samtools/svn_x86_64/samtools -I/hive/data/outside/tabix/tabix-0.2.3/x86_64 -I/usr/include/mysql -o wikiTrack.o -c wikiTrack.c
gcc -O -g  -Wall -Werror -Wformat -Wimplicit -Wreturn-type -Wuninitialized    -D_FILE_OFFSET_BITS=64 -D_LARGEFILE_SOURCE -D_GNU_SOURCE -DMACHTYPE_x86_64 -DUSE_SSL -DCOLOR32 -DUSE_BAM -DKNETFILE_HOOKS -DUSE_TABIX -DKNETFILE_HOOKS -Wall -Werror -Wformat -Wimplicit -Wreturn-type -Wuninitialized -I../inc -I../../inc -I../../../inc -I../../../../inc -I../../../../../inc  -I/hive/data/outside/samtools/svn_x86_64/samtools -I/hive/data/outside/tabix/tabix-0.2.3/x86_64 -I/usr/include/mysql -o yaleGencodeAssoc.o -c yaleGencodeAssoc.c
gcc -O -g  -Wall -Werror -Wformat -Wimplicit -Wreturn-type -Wuninitialized    -D_FILE_OFFSET_BITS=64 -D_LARGEFILE_SOURCE -D_GNU_SOURCE -DMACHTYPE_x86_64 -DUSE_SSL -DCOLOR32 -DUSE_BAM -DKNETFILE_HOOKS -DUSE_TABIX -DKNETFILE_HOOKS -Wall -Werror -Wformat -Wimplicit -Wreturn-type -Wuninitialized -I../inc -I../../inc -I../../../inc -I../../../../inc -I../../../../../inc  -I/hive/data/outside/samtools/svn_x86_64/samtools -I/hive/data/outside/tabix/tabix-0.2.3/x86_64 -I/usr/include/mysql -o zdobnovSynt.o -c zdobnovSynt.c
gcc -O -g  -Wall -Werror -Wformat -Wimplicit -Wreturn-type -Wuninitialized    -D_FILE_OFFSET_BITS=64 -D_LARGEFILE_SOURCE -D_GNU_SOURCE -DMACHTYPE_x86_64 -DUSE_SSL -DCOLOR32 -DUSE_BAM -DKNETFILE_HOOKS -DUSE_TABIX -DKNETFILE_HOOKS -Wall -Werror -Wformat -Wimplicit -Wreturn-type -Wuninitialized -I../inc -I../../inc -I../../../inc -I../../../../inc -I../../../../../inc  -I/hive/data/outside/samtools/svn_x86_64/samtools -I/hive/data/outside/tabix/tabix-0.2.3/x86_64 -I/usr/include/mysql -o oreganno.o -c oreganno.c
gcc -O -g  -Wall -Werror -Wformat -Wimplicit -Wreturn-type -Wuninitialized    -D_FILE_OFFSET_BITS=64 -D_LARGEFILE_SOURCE -D_GNU_SOURCE -DMACHTYPE_x86_64 -DUSE_SSL -DCOLOR32 -DUSE_BAM -DKNETFILE_HOOKS -DUSE_TABIX -DKNETFILE_HOOKS -Wall -Werror -Wformat -Wimplicit -Wreturn-type -Wuninitialized -I../inc -I../../inc -I../../../inc -I../../../../inc -I../../../../../inc  -I/hive/data/outside/samtools/svn_x86_64/samtools -I/hive/data/outside/tabix/tabix-0.2.3/x86_64 -I/usr/include/mysql -o oregannoUi.o -c oregannoUi.c
hui.c:7283: error: expected declaration or statement at end of input
gcc -O -g  -Wall -Werror -Wformat -Wimplicit -Wreturn-type -Wuninitialized    -D_FILE_OFFSET_BITS=64 -D_LARGEFILE_SOURCE -D_GNU_SOURCE -DMACHTYPE_x86_64 -DUSE_SSL -DCOLOR32 -DUSE_BAM -DKNETFILE_HOOKS -DUSE_TABIX -DKNETFILE_HOOKS -Wall -Werror -Wformat -Wimplicit -Wreturn-type -Wuninitialized -I../inc -I../../inc -I../../../inc -I../../../../inc -I../../../../../inc  -I/hive/data/outside/samtools/svn_x86_64/samtools -I/hive/data/outside/tabix/tabix-0.2.3/x86_64 -I/usr/include/mysql -o gvUi.o -c gvUi.c
gcc -O -g  -Wall -Werror -Wformat -Wimplicit -Wreturn-type -Wuninitialized    -D_FILE_OFFSET_BITS=64 -D_LARGEFILE_SOURCE -D_GNU_SOURCE -DMACHTYPE_x86_64 -DUSE_SSL -DCOLOR32 -DUSE_BAM -DKNETFILE_HOOKS -DUSE_TABIX -DKNETFILE_HOOKS -Wall -Werror -Wformat -Wimplicit -Wreturn-type -Wuninitialized -I../inc -I../../inc -I../../../inc -I../../../../inc -I../../../../../inc  -I/hive/data/outside/samtools/svn_x86_64/samtools -I/hive/data/outside/tabix/tabix-0.2.3/x86_64 -I/usr/include/mysql -o gv.o -c gv.c
gcc -O -g  -Wall -Werror -Wformat -Wimplicit -Wreturn-type -Wuninitialized    -D_FILE_OFFSET_BITS=64 -D_LARGEFILE_SOURCE -D_GNU_SOURCE -DMACHTYPE_x86_64 -DUSE_SSL -DCOLOR32 -DUSE_BAM -DKNETFILE_HOOKS -DUSE_TABIX -DKNETFILE_HOOKS -Wall -Werror -Wformat -Wimplicit -Wreturn-type -Wuninitialized -I../inc -I../../inc -I../../../inc -I../../../../inc -I../../../../../inc  -I/hive/data/outside/samtools/svn_x86_64/samtools -I/hive/data/outside/tabix/tabix-0.2.3/x86_64 -I/usr/include/mysql -o omicia.o -c omicia.c
gcc -O -g  -Wall -Werror -Wformat -Wimplicit -Wreturn-type -Wuninitialized    -D_FILE_OFFSET_BITS=64 -D_LARGEFILE_SOURCE -D_GNU_SOURCE -DMACHTYPE_x86_64 -DUSE_SSL -DCOLOR32 -DUSE_BAM -DKNETFILE_HOOKS -DUSE_TABIX -DKNETFILE_HOOKS -Wall -Werror -Wformat -Wimplicit -Wreturn-type -Wuninitialized -I../inc -I../../inc -I../../../inc -I../../../../inc -I../../../../../inc  -I/hive/data/outside/samtools/svn_x86_64/samtools -I/hive/data/outside/tabix/tabix-0.2.3/x86_64 -I/usr/include/mysql -o protVar.o -c protVar.c
gcc -O -g  -Wall -Werror -Wformat -Wimplicit -Wreturn-type -Wuninitialized    -D_FILE_OFFSET_BITS=64 -D_LARGEFILE_SOURCE -D_GNU_SOURCE -DMACHTYPE_x86_64 -DUSE_SSL -DCOLOR32 -DUSE_BAM -DKNETFILE_HOOKS -DUSE_TABIX -DKNETFILE_HOOKS -Wall -Werror -Wformat -Wimplicit -Wreturn-type -Wuninitialized -I../inc -I../../inc -I../../../inc -I../../../../inc -I../../../../../inc  -I/hive/data/outside/samtools/svn_x86_64/samtools -I/hive/data/outside/tabix/tabix-0.2.3/x86_64 -I/usr/include/mysql -o pgSnp.o -c pgSnp.c
make[1]: *** [hui.o] Error 1
make[1]: *** Waiting for unfinished jobs....
make[1]: Leaving directory `/cluster/home/kate/kent/src/hg/lib'
make: *** [hgLib] Error 2
